<?xml version="1.0" encoding="UTF-8"?>
<coverage generated="1563552794412" clover="3.2.0">
  <project timestamp="1563552794412" name="All files">
    <metrics statements="122" coveredstatements="60" conditionals="71" coveredconditionals="23" methods="56" coveredmethods="36" elements="249" coveredelements="119" complexity="0" loc="122" ncloc="122" packages="1" files="2" classes="2"/>
    <file name="doubly-linked-list-node.ts" path="/home/trevor/dev/projects/orgs/jsdsl/doubly-linked-list/ts/doubly-linked-list-node.ts">
      <metrics statements="16" coveredstatements="14" conditionals="8" coveredconditionals="5" methods="9" coveredmethods="9"/>
      <line num="16" count="2" type="stmt"/>
      <line num="28" count="259" type="stmt"/>
      <line num="37" count="50" type="cond" truecount="2" falsecount="0"/>
      <line num="40" count="1" type="cond" truecount="1" falsecount="1"/>
      <line num="42" count="1" type="stmt"/>
      <line num="50" count="260" type="stmt"/>
      <line num="56" count="448" type="stmt"/>
      <line num="62" count="447" type="cond" truecount="1" falsecount="1"/>
      <line num="65" count="0" type="stmt"/>
      <line num="74" count="183" type="stmt"/>
      <line num="76" count="183" type="stmt"/>
      <line num="82" count="400" type="stmt"/>
      <line num="88" count="400" type="cond" truecount="1" falsecount="1"/>
      <line num="91" count="0" type="stmt"/>
      <line num="100" count="221" type="stmt"/>
      <line num="102" count="221" type="stmt"/>
    </file>
    <file name="doubly-linked-list.ts" path="/home/trevor/dev/projects/orgs/jsdsl/doubly-linked-list/ts/doubly-linked-list.ts">
      <metrics statements="106" coveredstatements="46" conditionals="63" coveredconditionals="18" methods="47" coveredmethods="27"/>
      <line num="7" count="2" type="stmt"/>
      <line num="8" count="1" type="stmt"/>
      <line num="9" count="1" type="stmt"/>
      <line num="19" count="1" type="stmt"/>
      <line num="27" count="38" type="stmt"/>
      <line num="39" count="497" type="stmt"/>
      <line num="45" count="349" type="stmt"/>
      <line num="52" count="183" type="cond" truecount="3" falsecount="1"/>
      <line num="54" count="183" type="stmt"/>
      <line num="58" count="183" type="stmt"/>
      <line num="60" count="0" type="stmt"/>
      <line num="69" count="0" type="cond" truecount="0" falsecount="4"/>
      <line num="71" count="0" type="cond" truecount="0" falsecount="4"/>
      <line num="73" count="0" type="stmt"/>
      <line num="84" count="0" type="stmt"/>
      <line num="88" count="0" type="stmt"/>
      <line num="94" count="1" type="stmt"/>
      <line num="100" count="4" type="cond" truecount="1" falsecount="1"/>
      <line num="101" count="4" type="stmt"/>
      <line num="107" count="1" type="stmt"/>
      <line num="113" count="81" type="cond" truecount="1" falsecount="1"/>
      <line num="114" count="81" type="stmt"/>
      <line num="120" count="77" type="cond" truecount="1" falsecount="1"/>
      <line num="122" count="77" type="cond" truecount="3" falsecount="0"/>
      <line num="127" count="0" type="stmt"/>
      <line num="136" count="0" type="cond" truecount="0" falsecount="2"/>
      <line num="137" count="0" type="stmt"/>
      <line num="143" count="0" type="cond" truecount="0" falsecount="2"/>
      <line num="145" count="0" type="cond" truecount="0" falsecount="3"/>
      <line num="150" count="0" type="stmt"/>
      <line num="159" count="0" type="cond" truecount="0" falsecount="2"/>
      <line num="160" count="0" type="stmt"/>
      <line num="166" count="0" type="cond" truecount="0" falsecount="2"/>
      <line num="168" count="0" type="stmt"/>
      <line num="171" count="0" type="cond" truecount="0" falsecount="2"/>
      <line num="173" count="0" type="stmt"/>
      <line num="175" count="0" type="stmt"/>
      <line num="181" count="0" type="cond" truecount="0" falsecount="2"/>
      <line num="183" count="0" type="stmt"/>
      <line num="186" count="0" type="cond" truecount="0" falsecount="2"/>
      <line num="188" count="0" type="stmt"/>
      <line num="190" count="0" type="stmt"/>
      <line num="196" count="183" type="cond" truecount="1" falsecount="1"/>
      <line num="198" count="0" type="stmt"/>
      <line num="201" count="183" type="cond" truecount="1" falsecount="1"/>
      <line num="203" count="0" type="stmt"/>
      <line num="205" count="183" type="stmt"/>
      <line num="211" count="0" type="cond" truecount="0" falsecount="2"/>
      <line num="213" count="0" type="stmt"/>
      <line num="216" count="0" type="cond" truecount="0" falsecount="2"/>
      <line num="218" count="0" type="stmt"/>
      <line num="220" count="0" type="stmt"/>
      <line num="226" count="0" type="stmt"/>
      <line num="232" count="0" type="stmt"/>
      <line num="238" count="183" type="stmt"/>
      <line num="244" count="0" type="stmt"/>
      <line num="250" count="0" type="stmt"/>
      <line num="256" count="0" type="cond" truecount="0" falsecount="2"/>
      <line num="257" count="0" type="stmt"/>
      <line num="263" count="0" type="stmt"/>
      <line num="269" count="0" type="cond" truecount="0" falsecount="2"/>
      <line num="270" count="0" type="stmt"/>
      <line num="276" count="0" type="cond" truecount="0" falsecount="2"/>
      <line num="278" count="0" type="stmt"/>
      <line num="286" count="0" type="stmt"/>
      <line num="288" count="0" type="stmt"/>
      <line num="294" count="183" type="stmt"/>
      <line num="300" count="7" type="cond" truecount="2" falsecount="0"/>
      <line num="302" count="1" type="stmt"/>
      <line num="306" count="6" type="stmt"/>
      <line num="308" count="6" type="stmt"/>
      <line num="310" count="15" type="cond" truecount="1" falsecount="1"/>
      <line num="311" count="0" type="stmt"/>
      <line num="315" count="6" type="cond" truecount="2" falsecount="0"/>
      <line num="316" count="1" type="stmt"/>
      <line num="322" count="1" type="stmt"/>
      <line num="324" count="5" type="stmt"/>
      <line num="326" count="1" type="stmt"/>
      <line num="332" count="20" type="cond" truecount="2" falsecount="0"/>
      <line num="334" count="0" type="stmt"/>
      <line num="340" count="162" type="stmt"/>
      <line num="346" count="0" type="stmt"/>
      <line num="348" count="0" type="cond" truecount="0" falsecount="2"/>
      <line num="351" count="0" type="stmt"/>
      <line num="357" count="0" type="stmt"/>
      <line num="363" count="0" type="stmt"/>
      <line num="370" count="14" type="stmt"/>
      <line num="380" count="14" type="stmt"/>
      <line num="390" count="75" type="stmt"/>
      <line num="396" count="51" type="stmt"/>
      <line num="402" count="0" type="stmt"/>
      <line num="406" count="0" type="stmt"/>
      <line num="412" count="0" type="stmt"/>
      <line num="422" count="13" type="stmt"/>
      <line num="428" count="13" type="stmt"/>
      <line num="436" count="69" type="stmt"/>
      <line num="442" count="46" type="stmt"/>
      <line num="452" count="0" type="stmt"/>
      <line num="454" count="0" type="stmt"/>
      <line num="457" count="0" type="stmt"/>
      <line num="459" count="0" type="stmt"/>
      <line num="460" count="0" type="stmt"/>
      <line num="461" count="0" type="stmt"/>
      <line num="471" count="1" type="stmt"/>
      <line num="473" count="5" type="stmt"/>
      <line num="475" count="1" type="stmt"/>
    </file>
  </project>
</coverage>
