<?xml version="1.0" encoding="UTF-8"?>
<coverage generated="1569992602566" clover="3.2.0">
  <project timestamp="1569992602566" name="All files">
    <metrics statements="118" coveredstatements="58" conditionals="81" coveredconditionals="24" methods="56" coveredmethods="36" elements="255" coveredelements="118" complexity="0" loc="118" ncloc="118" packages="1" files="2" classes="2"/>
    <file name="doubly-linked-list-node.ts" path="/home/trevor/dev/projects/orgs/jsdsl/doubly-linked-list/ts/doubly-linked-list-node.ts">
      <metrics statements="14" coveredstatements="14" conditionals="8" coveredconditionals="5" methods="9" coveredmethods="9"/>
      <line num="16" count="2" type="stmt"/>
      <line num="52" count="259" type="stmt"/>
      <line num="66" count="48" type="cond" truecount="2" falsecount="0"/>
      <line num="69" count="1" type="cond" truecount="1" falsecount="1"/>
      <line num="71" count="1" type="stmt"/>
      <line num="85" count="258" type="stmt"/>
      <line num="96" count="444" type="stmt"/>
      <line num="108" count="443" type="stmt"/>
      <line num="122" count="183" type="stmt"/>
      <line num="124" count="183" type="stmt"/>
      <line num="135" count="390" type="stmt"/>
      <line num="147" count="390" type="stmt"/>
      <line num="160" count="221" type="stmt"/>
      <line num="162" count="221" type="stmt"/>
    </file>
    <file name="doubly-linked-list.ts" path="/home/trevor/dev/projects/orgs/jsdsl/doubly-linked-list/ts/doubly-linked-list.ts">
      <metrics statements="104" coveredstatements="44" conditionals="73" coveredconditionals="19" methods="47" coveredmethods="27"/>
      <line num="7" count="2" type="stmt"/>
      <line num="8" count="1" type="stmt"/>
      <line num="9" count="1" type="stmt"/>
      <line num="19" count="1" type="stmt"/>
      <line num="44" count="38" type="stmt"/>
      <line num="61" count="484" type="stmt"/>
      <line num="72" count="339" type="stmt"/>
      <line num="91" count="183" type="cond" truecount="3" falsecount="1"/>
      <line num="93" count="183" type="stmt"/>
      <line num="97" count="183" type="stmt"/>
      <line num="99" count="0" type="stmt"/>
      <line num="120" count="0" type="cond" truecount="0" falsecount="4"/>
      <line num="122" count="0" type="cond" truecount="0" falsecount="4"/>
      <line num="124" count="0" type="stmt"/>
      <line num="135" count="0" type="stmt"/>
      <line num="139" count="0" type="stmt"/>
      <line num="150" count="1" type="cond" truecount="1" falsecount="1"/>
      <line num="162" count="2" type="stmt"/>
      <line num="173" count="1" type="cond" truecount="1" falsecount="1"/>
      <line num="185" count="77" type="cond" truecount="1" falsecount="1"/>
      <line num="200" count="75" type="cond" truecount="1" falsecount="1"/>
      <line num="202" count="75" type="cond" truecount="3" falsecount="0"/>
      <line num="207" count="0" type="stmt"/>
      <line num="225" count="0" type="stmt"/>
      <line num="240" count="0" type="cond" truecount="0" falsecount="2"/>
      <line num="242" count="0" type="cond" truecount="0" falsecount="3"/>
      <line num="247" count="0" type="stmt"/>
      <line num="262" count="0" type="stmt"/>
      <line num="276" count="0" type="cond" truecount="0" falsecount="2"/>
      <line num="278" count="0" type="stmt"/>
      <line num="281" count="0" type="cond" truecount="0" falsecount="2"/>
      <line num="283" count="0" type="stmt"/>
      <line num="285" count="0" type="stmt"/>
      <line num="298" count="0" type="cond" truecount="0" falsecount="2"/>
      <line num="300" count="0" type="stmt"/>
      <line num="303" count="0" type="cond" truecount="0" falsecount="2"/>
      <line num="305" count="0" type="stmt"/>
      <line num="307" count="0" type="stmt"/>
      <line num="320" count="183" type="cond" truecount="1" falsecount="1"/>
      <line num="322" count="0" type="stmt"/>
      <line num="325" count="183" type="cond" truecount="1" falsecount="1"/>
      <line num="327" count="0" type="stmt"/>
      <line num="329" count="183" type="stmt"/>
      <line num="342" count="0" type="cond" truecount="0" falsecount="2"/>
      <line num="344" count="0" type="stmt"/>
      <line num="347" count="0" type="cond" truecount="0" falsecount="2"/>
      <line num="349" count="0" type="stmt"/>
      <line num="351" count="0" type="stmt"/>
      <line num="363" count="0" type="stmt"/>
      <line num="375" count="0" type="stmt"/>
      <line num="387" count="183" type="stmt"/>
      <line num="399" count="0" type="stmt"/>
      <line num="410" count="0" type="cond" truecount="0" falsecount="2"/>
      <line num="422" count="0" type="cond" truecount="0" falsecount="2"/>
      <line num="434" count="0" type="cond" truecount="0" falsecount="2"/>
      <line num="446" count="0" type="cond" truecount="0" falsecount="2"/>
      <line num="459" count="0" type="cond" truecount="0" falsecount="2"/>
      <line num="461" count="0" type="stmt"/>
      <line num="464" count="0" type="cond" truecount="0" falsecount="2"/>
      <line num="466" count="0" type="stmt"/>
      <line num="469" count="0" type="cond" truecount="0" falsecount="2"/>
      <line num="471" count="0" type="stmt"/>
      <line num="476" count="0" type="stmt"/>
      <line num="484" count="0" type="stmt"/>
      <line num="498" count="183" type="stmt"/>
      <line num="510" count="7" type="cond" truecount="2" falsecount="0"/>
      <line num="512" count="1" type="stmt"/>
      <line num="516" count="6" type="stmt"/>
      <line num="518" count="6" type="stmt"/>
      <line num="520" count="15" type="cond" truecount="1" falsecount="1"/>
      <line num="521" count="0" type="stmt"/>
      <line num="525" count="6" type="cond" truecount="2" falsecount="0"/>
      <line num="526" count="1" type="stmt"/>
      <line num="537" count="1" type="stmt"/>
      <line num="539" count="5" type="stmt"/>
      <line num="541" count="1" type="stmt"/>
      <line num="553" count="20" type="cond" truecount="2" falsecount="0"/>
      <line num="555" count="0" type="stmt"/>
      <line num="566" count="154" type="stmt"/>
      <line num="578" count="0" type="stmt"/>
      <line num="580" count="0" type="cond" truecount="0" falsecount="2"/>
      <line num="583" count="0" type="stmt"/>
      <line num="589" count="0" type="stmt"/>
      <line num="600" count="0" type="stmt"/>
      <line num="612" count="14" type="stmt"/>
      <line num="622" count="14" type="stmt"/>
      <line num="632" count="75" type="stmt"/>
      <line num="638" count="51" type="stmt"/>
      <line num="644" count="0" type="stmt"/>
      <line num="648" count="0" type="stmt"/>
      <line num="654" count="0" type="stmt"/>
      <line num="669" count="13" type="stmt"/>
      <line num="675" count="13" type="stmt"/>
      <line num="683" count="69" type="stmt"/>
      <line num="689" count="46" type="stmt"/>
      <line num="705" count="0" type="stmt"/>
      <line num="707" count="0" type="stmt"/>
      <line num="710" count="0" type="stmt"/>
      <line num="712" count="0" type="stmt"/>
      <line num="713" count="0" type="stmt"/>
      <line num="714" count="0" type="stmt"/>
      <line num="729" count="1" type="stmt"/>
      <line num="731" count="5" type="stmt"/>
      <line num="733" count="1" type="stmt"/>
    </file>
  </project>
</coverage>
