{"/home/trevor/dev/projects/orgs/jsdsl/doubly-linked-list/ts/doubly-linked-list-node.ts": {"path":"/home/trevor/dev/projects/orgs/jsdsl/doubly-linked-list/ts/doubly-linked-list-node.ts","statementMap":{"0":{"start":{"line":16,"column":0},"end":{"line":16,"column":13}},"1":{"start":{"line":52,"column":2},"end":{"line":55,"column":null}},"2":{"start":{"line":66,"column":2},"end":{"line":66,"column":null}},"3":{"start":{"line":66,"column":29},"end":{"line":66,"column":null}},"4":{"start":{"line":69,"column":23},"end":{"line":69,"column":null}},"5":{"start":{"line":71,"column":3},"end":{"line":72,"column":null}},"6":{"start":{"line":85,"column":2},"end":{"line":85,"column":null}},"7":{"start":{"line":96,"column":2},"end":{"line":96,"column":28}},"8":{"start":{"line":108,"column":2},"end":{"line":108,"column":null}},"9":{"start":{"line":122,"column":55},"end":{"line":122,"column":null}},"10":{"start":{"line":124,"column":2},"end":{"line":124,"column":null}},"11":{"start":{"line":135,"column":2},"end":{"line":135,"column":24}},"12":{"start":{"line":147,"column":2},"end":{"line":147,"column":null}},"13":{"start":{"line":160,"column":55},"end":{"line":160,"column":null}},"14":{"start":{"line":162,"column":2},"end":{"line":162,"column":null}}},"fnMap":{"0":{"name":"(anonymous_0)","decl":{"start":{"line":49,"column":1},"end":{"line":49,"column":20}},"loc":{"start":{"line":50,"column":8},"end":{"line":55,"column":null}}},"1":{"name":"(anonymous_1)","decl":{"start":{"line":64,"column":8},"end":{"line":64,"column":null}},"loc":{"start":{"line":64,"column":8},"end":{"line":72,"column":null}}},"2":{"name":"(anonymous_2)","decl":{"start":{"line":83,"column":8},"end":{"line":83,"column":null}},"loc":{"start":{"line":83,"column":8},"end":{"line":85,"column":null}}},"3":{"name":"(anonymous_3)","decl":{"start":{"line":94,"column":8},"end":{"line":94,"column":null}},"loc":{"start":{"line":94,"column":8},"end":{"line":96,"column":28}}},"4":{"name":"(anonymous_4)","decl":{"start":{"line":106,"column":8},"end":{"line":106,"column":null}},"loc":{"start":{"line":106,"column":8},"end":{"line":108,"column":null}}},"5":{"name":"(anonymous_5)","decl":{"start":{"line":120,"column":8},"end":{"line":120,"column":24}},"loc":{"start":{"line":120,"column":24},"end":{"line":124,"column":null}}},"6":{"name":"(anonymous_6)","decl":{"start":{"line":133,"column":8},"end":{"line":133,"column":null}},"loc":{"start":{"line":133,"column":8},"end":{"line":135,"column":24}}},"7":{"name":"(anonymous_7)","decl":{"start":{"line":145,"column":8},"end":{"line":145,"column":null}},"loc":{"start":{"line":145,"column":8},"end":{"line":147,"column":null}}},"8":{"name":"(anonymous_8)","decl":{"start":{"line":158,"column":8},"end":{"line":158,"column":20}},"loc":{"start":{"line":158,"column":20},"end":{"line":162,"column":null}}}},"branchMap":{"0":{"loc":{"start":{"line":66,"column":2},"end":{"line":66,"column":null}},"type":"if","locations":[{"start":{"line":66,"column":2},"end":{"line":66,"column":null}},{"start":{"line":66,"column":2},"end":{"line":66,"column":null}}]},"1":{"loc":{"start":{"line":69,"column":48},"end":{"line":69,"column":61}},"type":"cond-expr","locations":[{"start":{"line":69,"column":48},"end":{"line":69,"column":61}},{"start":{"line":69,"column":61},"end":{"line":69,"column":null}}]},"2":{"loc":{"start":{"line":109,"column":14},"end":{"line":109,"column":null}},"type":"cond-expr","locations":[{"start":{"line":109,"column":14},"end":{"line":109,"column":null}},{"start":{"line":109,"column":19},"end":{"line":108,"column":null}}]},"3":{"loc":{"start":{"line":148,"column":14},"end":{"line":148,"column":null}},"type":"cond-expr","locations":[{"start":{"line":148,"column":14},"end":{"line":148,"column":null}},{"start":{"line":148,"column":19},"end":{"line":147,"column":null}}]}},"s":{"0":2,"1":259,"2":48,"3":47,"4":1,"5":1,"6":258,"7":444,"8":443,"9":183,"10":183,"11":390,"12":390,"13":221,"14":221},"f":{"0":259,"1":48,"2":258,"3":444,"4":443,"5":183,"6":390,"7":390,"8":221},"b":{"0":[47,1],"1":[1,0],"2":[443,0],"3":[390,0]}}
,"/home/trevor/dev/projects/orgs/jsdsl/doubly-linked-list/ts/doubly-linked-list.ts": {"path":"/home/trevor/dev/projects/orgs/jsdsl/doubly-linked-list/ts/doubly-linked-list.ts","statementMap":{"0":{"start":{"line":7,"column":0},"end":{"line":7,"column":null}},"1":{"start":{"line":8,"column":0},"end":{"line":8,"column":null}},"2":{"start":{"line":9,"column":0},"end":{"line":9,"column":null}},"3":{"start":{"line":44,"column":2},"end":{"line":50,"column":null}},"4":{"start":{"line":61,"column":2},"end":{"line":61,"column":null}},"5":{"start":{"line":72,"column":2},"end":{"line":72,"column":null}},"6":{"start":{"line":91,"column":2},"end":{"line":97,"column":null}},"7":{"start":{"line":93,"column":42},"end":{"line":93,"column":null}},"8":{"start":{"line":97,"column":3},"end":{"line":97,"column":null}},"9":{"start":{"line":99,"column":9},"end":{"line":99,"column":null}},"10":{"start":{"line":120,"column":2},"end":{"line":135,"column":null}},"11":{"start":{"line":122,"column":3},"end":{"line":124,"column":null}},"12":{"start":{"line":124,"column":4},"end":{"line":124,"column":null}},"13":{"start":{"line":135,"column":4},"end":{"line":135,"column":null}},"14":{"start":{"line":139,"column":9},"end":{"line":139,"column":null}},"15":{"start":{"line":150,"column":2},"end":{"line":151,"column":null}},"16":{"start":{"line":162,"column":2},"end":{"line":162,"column":null}},"17":{"start":{"line":173,"column":2},"end":{"line":174,"column":null}},"18":{"start":{"line":185,"column":2},"end":{"line":186,"column":null}},"19":{"start":{"line":200,"column":2},"end":{"line":203,"column":null}},"20":{"start":{"line":202,"column":3},"end":{"line":203,"column":null}},"21":{"start":{"line":207,"column":3},"end":{"line":207,"column":null}},"22":{"start":{"line":225,"column":2},"end":{"line":225,"column":null}},"23":{"start":{"line":240,"column":2},"end":{"line":243,"column":null}},"24":{"start":{"line":242,"column":3},"end":{"line":243,"column":null}},"25":{"start":{"line":247,"column":3},"end":{"line":247,"column":null}},"26":{"start":{"line":262,"column":2},"end":{"line":262,"column":null}},"27":{"start":{"line":276,"column":2},"end":{"line":278,"column":null}},"28":{"start":{"line":278,"column":3},"end":{"line":278,"column":null}},"29":{"start":{"line":281,"column":9},"end":{"line":283,"column":null}},"30":{"start":{"line":283,"column":3},"end":{"line":283,"column":null}},"31":{"start":{"line":285,"column":9},"end":{"line":285,"column":null}},"32":{"start":{"line":298,"column":2},"end":{"line":300,"column":null}},"33":{"start":{"line":300,"column":3},"end":{"line":300,"column":null}},"34":{"start":{"line":303,"column":9},"end":{"line":305,"column":null}},"35":{"start":{"line":305,"column":3},"end":{"line":305,"column":null}},"36":{"start":{"line":307,"column":9},"end":{"line":307,"column":null}},"37":{"start":{"line":320,"column":2},"end":{"line":322,"column":null}},"38":{"start":{"line":322,"column":3},"end":{"line":322,"column":null}},"39":{"start":{"line":325,"column":9},"end":{"line":327,"column":null}},"40":{"start":{"line":327,"column":3},"end":{"line":327,"column":null}},"41":{"start":{"line":329,"column":9},"end":{"line":329,"column":null}},"42":{"start":{"line":342,"column":2},"end":{"line":344,"column":null}},"43":{"start":{"line":344,"column":3},"end":{"line":344,"column":null}},"44":{"start":{"line":347,"column":9},"end":{"line":349,"column":null}},"45":{"start":{"line":349,"column":3},"end":{"line":349,"column":null}},"46":{"start":{"line":351,"column":9},"end":{"line":351,"column":null}},"47":{"start":{"line":363,"column":2},"end":{"line":363,"column":null}},"48":{"start":{"line":375,"column":2},"end":{"line":375,"column":null}},"49":{"start":{"line":387,"column":2},"end":{"line":387,"column":null}},"50":{"start":{"line":399,"column":2},"end":{"line":399,"column":null}},"51":{"start":{"line":410,"column":2},"end":{"line":411,"column":null}},"52":{"start":{"line":422,"column":2},"end":{"line":423,"column":null}},"53":{"start":{"line":434,"column":2},"end":{"line":435,"column":null}},"54":{"start":{"line":446,"column":2},"end":{"line":447,"column":null}},"55":{"start":{"line":459,"column":2},"end":{"line":461,"column":null}},"56":{"start":{"line":461,"column":3},"end":{"line":461,"column":null}},"57":{"start":{"line":464,"column":9},"end":{"line":471,"column":null}},"58":{"start":{"line":469,"column":9},"end":{"line":484,"column":null}},"59":{"start":{"line":476,"column":44},"end":{"line":476,"column":null}},"60":{"start":{"line":484,"column":3},"end":{"line":484,"column":null}},"61":{"start":{"line":471,"column":3},"end":{"line":471,"column":null}},"62":{"start":{"line":466,"column":3},"end":{"line":466,"column":null}},"63":{"start":{"line":498,"column":2},"end":{"line":498,"column":null}},"64":{"start":{"line":510,"column":2},"end":{"line":512,"column":null}},"65":{"start":{"line":512,"column":3},"end":{"line":512,"column":null}},"66":{"start":{"line":516,"column":38},"end":{"line":516,"column":null}},"67":{"start":{"line":518,"column":2},"end":{"line":520,"column":null}},"68":{"start":{"line":518,"column":23},"end":{"line":518,"column":26}},"69":{"start":{"line":520,"column":3},"end":{"line":521,"column":null}},"70":{"start":{"line":521,"column":8},"end":{"line":521,"column":null}},"71":{"start":{"line":520,"column":27},"end":{"line":520,"column":null}},"72":{"start":{"line":525,"column":2},"end":{"line":525,"column":null}},"73":{"start":{"line":525,"column":26},"end":{"line":525,"column":null}},"74":{"start":{"line":526,"column":7},"end":{"line":526,"column":null}},"75":{"start":{"line":537,"column":21},"end":{"line":537,"column":null}},"76":{"start":{"line":541,"column":2},"end":{"line":541,"column":null}},"77":{"start":{"line":539,"column":45},"end":{"line":539,"column":null}},"78":{"start":{"line":553,"column":2},"end":{"line":553,"column":null}},"79":{"start":{"line":553,"column":39},"end":{"line":553,"column":null}},"80":{"start":{"line":553,"column":70},"end":{"line":553,"column":null}},"81":{"start":{"line":555,"column":2},"end":{"line":555,"column":null}},"82":{"start":{"line":566,"column":2},"end":{"line":566,"column":null}},"83":{"start":{"line":578,"column":2},"end":{"line":583,"column":null}},"84":{"start":{"line":580,"column":3},"end":{"line":583,"column":null}},"85":{"start":{"line":583,"column":4},"end":{"line":583,"column":null}},"86":{"start":{"line":589,"column":2},"end":{"line":589,"column":null}},"87":{"start":{"line":600,"column":2},"end":{"line":601,"column":null}},"88":{"start":{"line":612,"column":2},"end":{"line":658,"column":null}},"89":{"start":{"line":622,"column":4},"end":{"line":626,"column":null}},"90":{"start":{"line":632,"column":4},"end":{"line":632,"column":null}},"91":{"start":{"line":638,"column":4},"end":{"line":638,"column":null}},"92":{"start":{"line":644,"column":47},"end":{"line":644,"column":null}},"93":{"start":{"line":648,"column":4},"end":{"line":648,"column":null}},"94":{"start":{"line":654,"column":4},"end":{"line":654,"column":null}},"95":{"start":{"line":669,"column":2},"end":{"line":693,"column":null}},"96":{"start":{"line":675,"column":4},"end":{"line":677,"column":null}},"97":{"start":{"line":683,"column":4},"end":{"line":683,"column":null}},"98":{"start":{"line":689,"column":4},"end":{"line":689,"column":null}},"99":{"start":{"line":705,"column":2},"end":{"line":714,"column":null}},"100":{"start":{"line":705,"column":27},"end":{"line":705,"column":30}},"101":{"start":{"line":707,"column":23},"end":{"line":707,"column":null}},"102":{"start":{"line":710,"column":3},"end":{"line":714,"column":null}},"103":{"start":{"line":712,"column":25},"end":{"line":712,"column":null}},"104":{"start":{"line":713,"column":21},"end":{"line":713,"column":null}},"105":{"start":{"line":714,"column":4},"end":{"line":714,"column":null}},"106":{"start":{"line":729,"column":20},"end":{"line":729,"column":null}},"107":{"start":{"line":733,"column":2},"end":{"line":733,"column":null}},"108":{"start":{"line":731,"column":56},"end":{"line":731,"column":null}},"109":{"start":{"line":19,"column":0},"end":{"line":19,"column":13}}},"fnMap":{"0":{"name":"(anonymous_0)","decl":{"start":{"line":42,"column":1},"end":{"line":42,"column":23}},"loc":{"start":{"line":42,"column":23},"end":{"line":50,"column":null}}},"1":{"name":"(anonymous_1)","decl":{"start":{"line":59,"column":11},"end":{"line":59,"column":null}},"loc":{"start":{"line":59,"column":11},"end":{"line":61,"column":null}}},"2":{"name":"(anonymous_2)","decl":{"start":{"line":70,"column":11},"end":{"line":70,"column":null}},"loc":{"start":{"line":70,"column":11},"end":{"line":72,"column":null}}},"3":{"name":"(anonymous_3)","decl":{"start":{"line":88,"column":11},"end":{"line":88,"column":25}},"loc":{"start":{"line":88,"column":76},"end":{"line":99,"column":null}}},"4":{"name":"(anonymous_4)","decl":{"start":{"line":115,"column":11},"end":{"line":115,"column":29}},"loc":{"start":{"line":117,"column":8},"end":{"line":139,"column":null}}},"5":{"name":"(anonymous_5)","decl":{"start":{"line":148,"column":8},"end":{"line":148,"column":null}},"loc":{"start":{"line":148,"column":8},"end":{"line":151,"column":null}}},"6":{"name":"(anonymous_6)","decl":{"start":{"line":160,"column":8},"end":{"line":160,"column":null}},"loc":{"start":{"line":160,"column":8},"end":{"line":162,"column":null}}},"7":{"name":"(anonymous_7)","decl":{"start":{"line":171,"column":8},"end":{"line":171,"column":null}},"loc":{"start":{"line":171,"column":8},"end":{"line":174,"column":null}}},"8":{"name":"(anonymous_8)","decl":{"start":{"line":183,"column":8},"end":{"line":183,"column":null}},"loc":{"start":{"line":183,"column":8},"end":{"line":186,"column":null}}},"9":{"name":"(anonymous_9)","decl":{"start":{"line":198,"column":8},"end":{"line":198,"column":20}},"loc":{"start":{"line":198,"column":20},"end":{"line":207,"column":null}}},"10":{"name":"(anonymous_10)","decl":{"start":{"line":223,"column":8},"end":{"line":223,"column":20}},"loc":{"start":{"line":223,"column":20},"end":{"line":225,"column":null}}},"11":{"name":"(anonymous_11)","decl":{"start":{"line":238,"column":8},"end":{"line":238,"column":24}},"loc":{"start":{"line":238,"column":24},"end":{"line":247,"column":null}}},"12":{"name":"(anonymous_12)","decl":{"start":{"line":260,"column":8},"end":{"line":260,"column":24}},"loc":{"start":{"line":260,"column":24},"end":{"line":262,"column":null}}},"13":{"name":"(anonymous_13)","decl":{"start":{"line":274,"column":8},"end":{"line":274,"column":20}},"loc":{"start":{"line":274,"column":32},"end":{"line":285,"column":null}}},"14":{"name":"(anonymous_14)","decl":{"start":{"line":296,"column":8},"end":{"line":296,"column":24}},"loc":{"start":{"line":296,"column":55},"end":{"line":307,"column":null}}},"15":{"name":"(anonymous_15)","decl":{"start":{"line":318,"column":8},"end":{"line":318,"column":21}},"loc":{"start":{"line":318,"column":33},"end":{"line":329,"column":null}}},"16":{"name":"(anonymous_16)","decl":{"start":{"line":340,"column":8},"end":{"line":340,"column":25}},"loc":{"start":{"line":340,"column":56},"end":{"line":351,"column":null}}},"17":{"name":"(anonymous_17)","decl":{"start":{"line":361,"column":8},"end":{"line":361,"column":20}},"loc":{"start":{"line":361,"column":20},"end":{"line":363,"column":null}}},"18":{"name":"(anonymous_18)","decl":{"start":{"line":373,"column":8},"end":{"line":373,"column":24}},"loc":{"start":{"line":373,"column":24},"end":{"line":375,"column":null}}},"19":{"name":"(anonymous_19)","decl":{"start":{"line":385,"column":8},"end":{"line":385,"column":19}},"loc":{"start":{"line":385,"column":19},"end":{"line":387,"column":null}}},"20":{"name":"(anonymous_20)","decl":{"start":{"line":397,"column":8},"end":{"line":397,"column":23}},"loc":{"start":{"line":397,"column":23},"end":{"line":399,"column":null}}},"21":{"name":"(anonymous_21)","decl":{"start":{"line":408,"column":8},"end":{"line":408,"column":null}},"loc":{"start":{"line":408,"column":8},"end":{"line":411,"column":null}}},"22":{"name":"(anonymous_22)","decl":{"start":{"line":420,"column":8},"end":{"line":420,"column":null}},"loc":{"start":{"line":420,"column":8},"end":{"line":423,"column":null}}},"23":{"name":"(anonymous_23)","decl":{"start":{"line":432,"column":8},"end":{"line":432,"column":null}},"loc":{"start":{"line":432,"column":8},"end":{"line":435,"column":null}}},"24":{"name":"(anonymous_24)","decl":{"start":{"line":444,"column":8},"end":{"line":444,"column":null}},"loc":{"start":{"line":444,"column":8},"end":{"line":447,"column":null}}},"25":{"name":"(anonymous_25)","decl":{"start":{"line":457,"column":8},"end":{"line":457,"column":19}},"loc":{"start":{"line":457,"column":19},"end":{"line":466,"column":null}}},"26":{"name":"(anonymous_26)","decl":{"start":{"line":496,"column":8},"end":{"line":496,"column":12}},"loc":{"start":{"line":496,"column":12},"end":{"line":498,"column":null}}},"27":{"name":"(anonymous_27)","decl":{"start":{"line":508,"column":8},"end":{"line":508,"column":12}},"loc":{"start":{"line":508,"column":12},"end":{"line":526,"column":null}}},"28":{"name":"(anonymous_28)","decl":{"start":{"line":535,"column":8},"end":{"line":535,"column":null}},"loc":{"start":{"line":535,"column":8},"end":{"line":541,"column":null}}},"29":{"name":"(anonymous_29)","decl":{"start":{"line":539,"column":39},"end":{"line":539,"column":45}},"loc":{"start":{"line":539,"column":45},"end":{"line":539,"column":null}}},"30":{"name":"(anonymous_30)","decl":{"start":{"line":551,"column":8},"end":{"line":551,"column":17}},"loc":{"start":{"line":551,"column":17},"end":{"line":555,"column":null}}},"31":{"name":"(anonymous_31)","decl":{"start":{"line":564,"column":8},"end":{"line":564,"column":null}},"loc":{"start":{"line":564,"column":8},"end":{"line":566,"column":null}}},"32":{"name":"(anonymous_32)","decl":{"start":{"line":576,"column":8},"end":{"line":576,"column":15}},"loc":{"start":{"line":576,"column":15},"end":{"line":589,"column":null}}},"33":{"name":"(anonymous_33)","decl":{"start":{"line":598,"column":8},"end":{"line":598,"column":null}},"loc":{"start":{"line":598,"column":8},"end":{"line":601,"column":null}}},"34":{"name":"(anonymous_34)","decl":{"start":{"line":610,"column":8},"end":{"line":610,"column":null}},"loc":{"start":{"line":610,"column":8},"end":{"line":658,"column":null}}},"35":{"name":"(anonymous_35)","decl":{"start":{"line":620,"column":3},"end":{"line":620,"column":22}},"loc":{"start":{"line":620,"column":57},"end":{"line":626,"column":null}}},"36":{"name":"(anonymous_36)","decl":{"start":{"line":630,"column":10},"end":{"line":630,"column":null}},"loc":{"start":{"line":630,"column":10},"end":{"line":632,"column":null}}},"37":{"name":"(anonymous_37)","decl":{"start":{"line":636,"column":10},"end":{"line":636,"column":null}},"loc":{"start":{"line":636,"column":10},"end":{"line":638,"column":null}}},"38":{"name":"(anonymous_38)","decl":{"start":{"line":642,"column":10},"end":{"line":642,"column":null}},"loc":{"start":{"line":642,"column":10},"end":{"line":648,"column":null}}},"39":{"name":"(anonymous_39)","decl":{"start":{"line":652,"column":10},"end":{"line":652,"column":null}},"loc":{"start":{"line":652,"column":10},"end":{"line":654,"column":null}}},"40":{"name":"(anonymous_40)","decl":{"start":{"line":667,"column":8},"end":{"line":667,"column":null}},"loc":{"start":{"line":667,"column":8},"end":{"line":693,"column":null}}},"41":{"name":"(anonymous_41)","decl":{"start":{"line":673,"column":3},"end":{"line":673,"column":22}},"loc":{"start":{"line":673,"column":22},"end":{"line":677,"column":null}}},"42":{"name":"(anonymous_42)","decl":{"start":{"line":681,"column":10},"end":{"line":681,"column":null}},"loc":{"start":{"line":681,"column":10},"end":{"line":683,"column":null}}},"43":{"name":"(anonymous_43)","decl":{"start":{"line":687,"column":10},"end":{"line":687,"column":null}},"loc":{"start":{"line":687,"column":10},"end":{"line":689,"column":null}}},"44":{"name":"(anonymous_44)","decl":{"start":{"line":703,"column":8},"end":{"line":703,"column":16}},"loc":{"start":{"line":703,"column":37},"end":{"line":714,"column":null}}},"45":{"name":"(anonymous_45)","decl":{"start":{"line":727,"column":8},"end":{"line":727,"column":null}},"loc":{"start":{"line":727,"column":8},"end":{"line":733,"column":null}}},"46":{"name":"(anonymous_46)","decl":{"start":{"line":731,"column":36},"end":{"line":731,"column":56}},"loc":{"start":{"line":731,"column":56},"end":{"line":731,"column":null}}}},"branchMap":{"0":{"loc":{"start":{"line":91,"column":2},"end":{"line":97,"column":null}},"type":"if","locations":[{"start":{"line":91,"column":2},"end":{"line":97,"column":null}},{"start":{"line":91,"column":2},"end":{"line":97,"column":null}}]},"1":{"loc":{"start":{"line":91,"column":7},"end":{"line":91,"column":52}},"type":"binary-expr","locations":[{"start":{"line":91,"column":7},"end":{"line":91,"column":52}},{"start":{"line":91,"column":52},"end":{"line":91,"column":98}}]},"2":{"loc":{"start":{"line":120,"column":2},"end":{"line":135,"column":null}},"type":"if","locations":[{"start":{"line":120,"column":2},"end":{"line":135,"column":null}},{"start":{"line":120,"column":2},"end":{"line":135,"column":null}}]},"3":{"loc":{"start":{"line":120,"column":7},"end":{"line":120,"column":52}},"type":"binary-expr","locations":[{"start":{"line":120,"column":7},"end":{"line":120,"column":52}},{"start":{"line":120,"column":52},"end":{"line":120,"column":98}}]},"4":{"loc":{"start":{"line":122,"column":3},"end":{"line":124,"column":null}},"type":"if","locations":[{"start":{"line":122,"column":3},"end":{"line":124,"column":null}},{"start":{"line":122,"column":3},"end":{"line":124,"column":null}}]},"5":{"loc":{"start":{"line":122,"column":7},"end":{"line":122,"column":39}},"type":"binary-expr","locations":[{"start":{"line":122,"column":7},"end":{"line":122,"column":39}},{"start":{"line":122,"column":39},"end":{"line":122,"column":null}}]},"6":{"loc":{"start":{"line":150,"column":11},"end":{"line":150,"column":null}},"type":"cond-expr","locations":[{"start":{"line":150,"column":11},"end":{"line":150,"column":null}},{"start":{"line":151,"column":15},"end":{"line":151,"column":null}}]},"7":{"loc":{"start":{"line":173,"column":11},"end":{"line":173,"column":null}},"type":"cond-expr","locations":[{"start":{"line":173,"column":11},"end":{"line":173,"column":null}},{"start":{"line":174,"column":15},"end":{"line":174,"column":null}}]},"8":{"loc":{"start":{"line":185,"column":11},"end":{"line":185,"column":null}},"type":"cond-expr","locations":[{"start":{"line":185,"column":11},"end":{"line":185,"column":null}},{"start":{"line":186,"column":14},"end":{"line":186,"column":null}}]},"9":{"loc":{"start":{"line":200,"column":2},"end":{"line":203,"column":null}},"type":"if","locations":[{"start":{"line":200,"column":2},"end":{"line":203,"column":null}},{"start":{"line":200,"column":2},"end":{"line":203,"column":null}}]},"10":{"loc":{"start":{"line":202,"column":3},"end":{"line":202,"column":null}},"type":"binary-expr","locations":[{"start":{"line":202,"column":3},"end":{"line":202,"column":null}},{"start":{"line":203,"column":17},"end":{"line":203,"column":50}},{"start":{"line":203,"column":50},"end":{"line":203,"column":null}}]},"11":{"loc":{"start":{"line":226,"column":14},"end":{"line":226,"column":null}},"type":"cond-expr","locations":[{"start":{"line":226,"column":14},"end":{"line":226,"column":null}},{"start":{"line":226,"column":19},"end":{"line":225,"column":null}}]},"12":{"loc":{"start":{"line":240,"column":2},"end":{"line":243,"column":null}},"type":"if","locations":[{"start":{"line":240,"column":2},"end":{"line":243,"column":null}},{"start":{"line":240,"column":2},"end":{"line":243,"column":null}}]},"13":{"loc":{"start":{"line":242,"column":3},"end":{"line":242,"column":null}},"type":"binary-expr","locations":[{"start":{"line":242,"column":3},"end":{"line":242,"column":null}},{"start":{"line":243,"column":17},"end":{"line":243,"column":51}},{"start":{"line":243,"column":51},"end":{"line":243,"column":null}}]},"14":{"loc":{"start":{"line":263,"column":14},"end":{"line":263,"column":null}},"type":"cond-expr","locations":[{"start":{"line":263,"column":14},"end":{"line":263,"column":null}},{"start":{"line":263,"column":19},"end":{"line":262,"column":null}}]},"15":{"loc":{"start":{"line":276,"column":2},"end":{"line":278,"column":null}},"type":"if","locations":[{"start":{"line":276,"column":2},"end":{"line":278,"column":null}},{"start":{"line":276,"column":2},"end":{"line":278,"column":null}}]},"16":{"loc":{"start":{"line":281,"column":9},"end":{"line":283,"column":null}},"type":"if","locations":[{"start":{"line":281,"column":9},"end":{"line":283,"column":null}},{"start":{"line":281,"column":9},"end":{"line":283,"column":null}}]},"17":{"loc":{"start":{"line":298,"column":2},"end":{"line":300,"column":null}},"type":"if","locations":[{"start":{"line":298,"column":2},"end":{"line":300,"column":null}},{"start":{"line":298,"column":2},"end":{"line":300,"column":null}}]},"18":{"loc":{"start":{"line":303,"column":9},"end":{"line":305,"column":null}},"type":"if","locations":[{"start":{"line":303,"column":9},"end":{"line":305,"column":null}},{"start":{"line":303,"column":9},"end":{"line":305,"column":null}}]},"19":{"loc":{"start":{"line":320,"column":2},"end":{"line":322,"column":null}},"type":"if","locations":[{"start":{"line":320,"column":2},"end":{"line":322,"column":null}},{"start":{"line":320,"column":2},"end":{"line":322,"column":null}}]},"20":{"loc":{"start":{"line":325,"column":9},"end":{"line":327,"column":null}},"type":"if","locations":[{"start":{"line":325,"column":9},"end":{"line":327,"column":null}},{"start":{"line":325,"column":9},"end":{"line":327,"column":null}}]},"21":{"loc":{"start":{"line":342,"column":2},"end":{"line":344,"column":null}},"type":"if","locations":[{"start":{"line":342,"column":2},"end":{"line":344,"column":null}},{"start":{"line":342,"column":2},"end":{"line":344,"column":null}}]},"22":{"loc":{"start":{"line":347,"column":9},"end":{"line":349,"column":null}},"type":"if","locations":[{"start":{"line":347,"column":9},"end":{"line":349,"column":null}},{"start":{"line":347,"column":9},"end":{"line":349,"column":null}}]},"23":{"loc":{"start":{"line":410,"column":11},"end":{"line":410,"column":null}},"type":"cond-expr","locations":[{"start":{"line":410,"column":11},"end":{"line":410,"column":null}},{"start":{"line":411,"column":15},"end":{"line":411,"column":null}}]},"24":{"loc":{"start":{"line":422,"column":11},"end":{"line":422,"column":null}},"type":"cond-expr","locations":[{"start":{"line":422,"column":11},"end":{"line":422,"column":null}},{"start":{"line":423,"column":14},"end":{"line":423,"column":null}}]},"25":{"loc":{"start":{"line":434,"column":11},"end":{"line":434,"column":null}},"type":"cond-expr","locations":[{"start":{"line":434,"column":11},"end":{"line":434,"column":null}},{"start":{"line":435,"column":15},"end":{"line":435,"column":null}}]},"26":{"loc":{"start":{"line":446,"column":11},"end":{"line":446,"column":null}},"type":"cond-expr","locations":[{"start":{"line":446,"column":11},"end":{"line":446,"column":null}},{"start":{"line":447,"column":14},"end":{"line":447,"column":null}}]},"27":{"loc":{"start":{"line":459,"column":2},"end":{"line":461,"column":null}},"type":"if","locations":[{"start":{"line":459,"column":2},"end":{"line":461,"column":null}},{"start":{"line":459,"column":2},"end":{"line":461,"column":null}}]},"28":{"loc":{"start":{"line":464,"column":9},"end":{"line":471,"column":null}},"type":"if","locations":[{"start":{"line":464,"column":9},"end":{"line":471,"column":null}},{"start":{"line":464,"column":9},"end":{"line":471,"column":null}}]},"29":{"loc":{"start":{"line":469,"column":9},"end":{"line":484,"column":null}},"type":"if","locations":[{"start":{"line":469,"column":9},"end":{"line":484,"column":null}},{"start":{"line":469,"column":9},"end":{"line":484,"column":null}}]},"30":{"loc":{"start":{"line":510,"column":2},"end":{"line":512,"column":null}},"type":"if","locations":[{"start":{"line":510,"column":2},"end":{"line":512,"column":null}},{"start":{"line":510,"column":2},"end":{"line":512,"column":null}}]},"31":{"loc":{"start":{"line":520,"column":3},"end":{"line":521,"column":null}},"type":"if","locations":[{"start":{"line":520,"column":3},"end":{"line":521,"column":null}},{"start":{"line":520,"column":3},"end":{"line":521,"column":null}}]},"32":{"loc":{"start":{"line":525,"column":2},"end":{"line":525,"column":null}},"type":"if","locations":[{"start":{"line":525,"column":2},"end":{"line":525,"column":null}},{"start":{"line":525,"column":2},"end":{"line":525,"column":null}}]},"33":{"loc":{"start":{"line":553,"column":39},"end":{"line":553,"column":null}},"type":"if","locations":[{"start":{"line":553,"column":39},"end":{"line":553,"column":null}},{"start":{"line":553,"column":39},"end":{"line":553,"column":null}}]},"34":{"loc":{"start":{"line":580,"column":3},"end":{"line":583,"column":null}},"type":"if","locations":[{"start":{"line":580,"column":3},"end":{"line":583,"column":null}},{"start":{"line":580,"column":3},"end":{"line":583,"column":null}}]},"35":{"loc":{"start":{"line":703,"column":37},"end":{"line":703,"column":null}},"type":"default-arg","locations":[{"start":{"line":703,"column":37},"end":{"line":703,"column":null}}]}},"s":{"0":2,"1":1,"2":1,"3":38,"4":484,"5":339,"6":183,"7":183,"8":183,"9":0,"10":0,"11":0,"12":0,"13":0,"14":0,"15":1,"16":2,"17":1,"18":77,"19":75,"20":75,"21":0,"22":0,"23":0,"24":0,"25":0,"26":0,"27":0,"28":0,"29":0,"30":0,"31":0,"32":0,"33":0,"34":0,"35":0,"36":0,"37":183,"38":0,"39":183,"40":0,"41":183,"42":0,"43":0,"44":0,"45":0,"46":0,"47":0,"48":0,"49":183,"50":0,"51":0,"52":0,"53":0,"54":0,"55":0,"56":0,"57":0,"58":0,"59":0,"60":0,"61":0,"62":0,"63":183,"64":7,"65":1,"66":6,"67":6,"68":6,"69":15,"70":0,"71":15,"72":6,"73":5,"74":1,"75":1,"76":1,"77":5,"78":6,"79":20,"80":5,"81":0,"82":154,"83":0,"84":0,"85":0,"86":0,"87":0,"88":14,"89":14,"90":75,"91":51,"92":0,"93":0,"94":0,"95":13,"96":13,"97":69,"98":46,"99":0,"100":0,"101":0,"102":0,"103":0,"104":0,"105":0,"106":1,"107":1,"108":5,"109":1},"f":{"0":38,"1":484,"2":339,"3":183,"4":0,"5":1,"6":2,"7":1,"8":77,"9":75,"10":0,"11":0,"12":0,"13":0,"14":0,"15":183,"16":0,"17":0,"18":0,"19":183,"20":0,"21":0,"22":0,"23":0,"24":0,"25":0,"26":183,"27":7,"28":1,"29":5,"30":6,"31":154,"32":0,"33":0,"34":14,"35":14,"36":75,"37":51,"38":0,"39":0,"40":13,"41":13,"42":69,"43":46,"44":0,"45":1,"46":5},"b":{"0":[183,0],"1":[183,183],"2":[0,0],"3":[0,0],"4":[0,0],"5":[0,0],"6":[0,1],"7":[0,1],"8":[0,77],"9":[75,0],"10":[75,75,70],"11":[0,0],"12":[0,0],"13":[0,0,0],"14":[0,0],"15":[0,0],"16":[0,0],"17":[0,0],"18":[0,0],"19":[0,183],"20":[0,183],"21":[0,0],"22":[0,0],"23":[0,0],"24":[0,0],"25":[0,0],"26":[0,0],"27":[0,0],"28":[0,0],"29":[0,0],"30":[1,6],"31":[0,15],"32":[5,1],"33":[5,15],"34":[0,0],"35":[0]}}
}
