{"/home/trevor/dev/projects/orgs/jsdsl/doubly-linked-list/ts/doubly-linked-list-node.ts": {"path":"/home/trevor/dev/projects/orgs/jsdsl/doubly-linked-list/ts/doubly-linked-list-node.ts","statementMap":{"0":{"start":{"line":16,"column":0},"end":{"line":16,"column":13}},"1":{"start":{"line":28,"column":2},"end":{"line":31,"column":null}},"2":{"start":{"line":37,"column":2},"end":{"line":37,"column":null}},"3":{"start":{"line":37,"column":29},"end":{"line":37,"column":null}},"4":{"start":{"line":40,"column":23},"end":{"line":40,"column":null}},"5":{"start":{"line":42,"column":3},"end":{"line":42,"column":null}},"6":{"start":{"line":50,"column":2},"end":{"line":50,"column":null}},"7":{"start":{"line":56,"column":2},"end":{"line":56,"column":28}},"8":{"start":{"line":62,"column":2},"end":{"line":62,"column":null}},"9":{"start":{"line":62,"column":30},"end":{"line":62,"column":null}},"10":{"start":{"line":65,"column":3},"end":{"line":65,"column":null}},"11":{"start":{"line":74,"column":55},"end":{"line":74,"column":null}},"12":{"start":{"line":76,"column":2},"end":{"line":76,"column":null}},"13":{"start":{"line":82,"column":2},"end":{"line":82,"column":24}},"14":{"start":{"line":88,"column":2},"end":{"line":88,"column":null}},"15":{"start":{"line":88,"column":26},"end":{"line":88,"column":null}},"16":{"start":{"line":91,"column":3},"end":{"line":91,"column":null}},"17":{"start":{"line":100,"column":55},"end":{"line":100,"column":null}},"18":{"start":{"line":102,"column":2},"end":{"line":102,"column":null}}},"fnMap":{"0":{"name":"(anonymous_0)","decl":{"start":{"line":26,"column":1},"end":{"line":26,"column":20}},"loc":{"start":{"line":26,"column":112},"end":{"line":31,"column":null}}},"1":{"name":"(anonymous_1)","decl":{"start":{"line":35,"column":8},"end":{"line":35,"column":null}},"loc":{"start":{"line":35,"column":8},"end":{"line":42,"column":null}}},"2":{"name":"(anonymous_2)","decl":{"start":{"line":48,"column":8},"end":{"line":48,"column":null}},"loc":{"start":{"line":48,"column":8},"end":{"line":50,"column":null}}},"3":{"name":"(anonymous_3)","decl":{"start":{"line":54,"column":8},"end":{"line":54,"column":null}},"loc":{"start":{"line":54,"column":8},"end":{"line":56,"column":28}}},"4":{"name":"(anonymous_4)","decl":{"start":{"line":60,"column":8},"end":{"line":60,"column":null}},"loc":{"start":{"line":60,"column":8},"end":{"line":65,"column":null}}},"5":{"name":"(anonymous_5)","decl":{"start":{"line":72,"column":8},"end":{"line":72,"column":24}},"loc":{"start":{"line":72,"column":24},"end":{"line":76,"column":null}}},"6":{"name":"(anonymous_6)","decl":{"start":{"line":80,"column":8},"end":{"line":80,"column":null}},"loc":{"start":{"line":80,"column":8},"end":{"line":82,"column":24}}},"7":{"name":"(anonymous_7)","decl":{"start":{"line":86,"column":8},"end":{"line":86,"column":null}},"loc":{"start":{"line":86,"column":8},"end":{"line":91,"column":null}}},"8":{"name":"(anonymous_8)","decl":{"start":{"line":98,"column":8},"end":{"line":98,"column":20}},"loc":{"start":{"line":98,"column":20},"end":{"line":102,"column":null}}}},"branchMap":{"0":{"loc":{"start":{"line":37,"column":2},"end":{"line":37,"column":null}},"type":"if","locations":[{"start":{"line":37,"column":2},"end":{"line":37,"column":null}},{"start":{"line":37,"column":2},"end":{"line":37,"column":null}}]},"1":{"loc":{"start":{"line":40,"column":48},"end":{"line":40,"column":61}},"type":"cond-expr","locations":[{"start":{"line":40,"column":48},"end":{"line":40,"column":61}},{"start":{"line":40,"column":61},"end":{"line":40,"column":null}}]},"2":{"loc":{"start":{"line":62,"column":2},"end":{"line":62,"column":null}},"type":"if","locations":[{"start":{"line":62,"column":2},"end":{"line":62,"column":null}},{"start":{"line":62,"column":2},"end":{"line":62,"column":null}}]},"3":{"loc":{"start":{"line":88,"column":2},"end":{"line":88,"column":null}},"type":"if","locations":[{"start":{"line":88,"column":2},"end":{"line":88,"column":null}},{"start":{"line":88,"column":2},"end":{"line":88,"column":null}}]}},"s":{"0":2,"1":259,"2":50,"3":49,"4":1,"5":1,"6":260,"7":448,"8":447,"9":447,"10":0,"11":183,"12":183,"13":400,"14":400,"15":400,"16":0,"17":221,"18":221},"f":{"0":259,"1":50,"2":260,"3":448,"4":447,"5":183,"6":400,"7":400,"8":221},"b":{"0":[49,1],"1":[1,0],"2":[447,0],"3":[400,0]}}
,"/home/trevor/dev/projects/orgs/jsdsl/doubly-linked-list/ts/doubly-linked-list.ts": {"path":"/home/trevor/dev/projects/orgs/jsdsl/doubly-linked-list/ts/doubly-linked-list.ts","statementMap":{"0":{"start":{"line":7,"column":0},"end":{"line":7,"column":null}},"1":{"start":{"line":8,"column":0},"end":{"line":8,"column":null}},"2":{"start":{"line":9,"column":0},"end":{"line":9,"column":null}},"3":{"start":{"line":27,"column":2},"end":{"line":33,"column":null}},"4":{"start":{"line":39,"column":2},"end":{"line":39,"column":null}},"5":{"start":{"line":45,"column":2},"end":{"line":45,"column":null}},"6":{"start":{"line":52,"column":2},"end":{"line":58,"column":null}},"7":{"start":{"line":54,"column":42},"end":{"line":54,"column":null}},"8":{"start":{"line":58,"column":3},"end":{"line":58,"column":null}},"9":{"start":{"line":60,"column":9},"end":{"line":60,"column":null}},"10":{"start":{"line":69,"column":2},"end":{"line":84,"column":null}},"11":{"start":{"line":71,"column":3},"end":{"line":73,"column":null}},"12":{"start":{"line":73,"column":4},"end":{"line":73,"column":null}},"13":{"start":{"line":84,"column":4},"end":{"line":84,"column":null}},"14":{"start":{"line":88,"column":9},"end":{"line":88,"column":null}},"15":{"start":{"line":94,"column":2},"end":{"line":94,"column":null}},"16":{"start":{"line":100,"column":2},"end":{"line":100,"column":null}},"17":{"start":{"line":100,"column":22},"end":{"line":100,"column":null}},"18":{"start":{"line":101,"column":7},"end":{"line":101,"column":null}},"19":{"start":{"line":107,"column":2},"end":{"line":107,"column":null}},"20":{"start":{"line":113,"column":2},"end":{"line":113,"column":null}},"21":{"start":{"line":113,"column":22},"end":{"line":113,"column":null}},"22":{"start":{"line":114,"column":7},"end":{"line":114,"column":null}},"23":{"start":{"line":120,"column":2},"end":{"line":123,"column":null}},"24":{"start":{"line":122,"column":3},"end":{"line":123,"column":null}},"25":{"start":{"line":127,"column":3},"end":{"line":127,"column":null}},"26":{"start":{"line":136,"column":2},"end":{"line":136,"column":null}},"27":{"start":{"line":136,"column":30},"end":{"line":136,"column":null}},"28":{"start":{"line":137,"column":7},"end":{"line":137,"column":null}},"29":{"start":{"line":143,"column":2},"end":{"line":146,"column":null}},"30":{"start":{"line":145,"column":3},"end":{"line":146,"column":null}},"31":{"start":{"line":150,"column":3},"end":{"line":150,"column":null}},"32":{"start":{"line":159,"column":2},"end":{"line":159,"column":null}},"33":{"start":{"line":159,"column":34},"end":{"line":159,"column":null}},"34":{"start":{"line":160,"column":7},"end":{"line":160,"column":null}},"35":{"start":{"line":166,"column":2},"end":{"line":168,"column":null}},"36":{"start":{"line":168,"column":3},"end":{"line":168,"column":null}},"37":{"start":{"line":171,"column":9},"end":{"line":173,"column":null}},"38":{"start":{"line":173,"column":3},"end":{"line":173,"column":null}},"39":{"start":{"line":175,"column":9},"end":{"line":175,"column":null}},"40":{"start":{"line":181,"column":2},"end":{"line":183,"column":null}},"41":{"start":{"line":183,"column":3},"end":{"line":183,"column":null}},"42":{"start":{"line":186,"column":9},"end":{"line":188,"column":null}},"43":{"start":{"line":188,"column":3},"end":{"line":188,"column":null}},"44":{"start":{"line":190,"column":9},"end":{"line":190,"column":null}},"45":{"start":{"line":196,"column":2},"end":{"line":198,"column":null}},"46":{"start":{"line":198,"column":3},"end":{"line":198,"column":null}},"47":{"start":{"line":201,"column":9},"end":{"line":203,"column":null}},"48":{"start":{"line":203,"column":3},"end":{"line":203,"column":null}},"49":{"start":{"line":205,"column":9},"end":{"line":205,"column":null}},"50":{"start":{"line":211,"column":2},"end":{"line":213,"column":null}},"51":{"start":{"line":213,"column":3},"end":{"line":213,"column":null}},"52":{"start":{"line":216,"column":9},"end":{"line":218,"column":null}},"53":{"start":{"line":218,"column":3},"end":{"line":218,"column":null}},"54":{"start":{"line":220,"column":9},"end":{"line":220,"column":null}},"55":{"start":{"line":226,"column":2},"end":{"line":226,"column":null}},"56":{"start":{"line":232,"column":2},"end":{"line":232,"column":null}},"57":{"start":{"line":238,"column":2},"end":{"line":238,"column":null}},"58":{"start":{"line":244,"column":2},"end":{"line":244,"column":null}},"59":{"start":{"line":250,"column":2},"end":{"line":250,"column":null}},"60":{"start":{"line":256,"column":2},"end":{"line":256,"column":null}},"61":{"start":{"line":256,"column":22},"end":{"line":256,"column":null}},"62":{"start":{"line":257,"column":7},"end":{"line":257,"column":null}},"63":{"start":{"line":263,"column":2},"end":{"line":263,"column":null}},"64":{"start":{"line":269,"column":2},"end":{"line":269,"column":null}},"65":{"start":{"line":269,"column":22},"end":{"line":269,"column":null}},"66":{"start":{"line":270,"column":7},"end":{"line":270,"column":null}},"67":{"start":{"line":276,"column":2},"end":{"line":286,"column":null}},"68":{"start":{"line":278,"column":44},"end":{"line":278,"column":null}},"69":{"start":{"line":286,"column":3},"end":{"line":286,"column":null}},"70":{"start":{"line":288,"column":9},"end":{"line":288,"column":null}},"71":{"start":{"line":294,"column":2},"end":{"line":294,"column":null}},"72":{"start":{"line":300,"column":2},"end":{"line":302,"column":null}},"73":{"start":{"line":302,"column":3},"end":{"line":302,"column":null}},"74":{"start":{"line":306,"column":38},"end":{"line":306,"column":null}},"75":{"start":{"line":308,"column":2},"end":{"line":310,"column":null}},"76":{"start":{"line":308,"column":23},"end":{"line":308,"column":26}},"77":{"start":{"line":310,"column":3},"end":{"line":311,"column":null}},"78":{"start":{"line":311,"column":8},"end":{"line":311,"column":null}},"79":{"start":{"line":310,"column":27},"end":{"line":310,"column":null}},"80":{"start":{"line":315,"column":2},"end":{"line":315,"column":null}},"81":{"start":{"line":315,"column":26},"end":{"line":315,"column":null}},"82":{"start":{"line":316,"column":7},"end":{"line":316,"column":null}},"83":{"start":{"line":322,"column":21},"end":{"line":322,"column":null}},"84":{"start":{"line":326,"column":2},"end":{"line":326,"column":null}},"85":{"start":{"line":324,"column":45},"end":{"line":324,"column":null}},"86":{"start":{"line":332,"column":2},"end":{"line":332,"column":null}},"87":{"start":{"line":332,"column":39},"end":{"line":332,"column":null}},"88":{"start":{"line":332,"column":70},"end":{"line":332,"column":null}},"89":{"start":{"line":334,"column":2},"end":{"line":334,"column":null}},"90":{"start":{"line":340,"column":2},"end":{"line":340,"column":null}},"91":{"start":{"line":346,"column":2},"end":{"line":351,"column":null}},"92":{"start":{"line":348,"column":3},"end":{"line":351,"column":null}},"93":{"start":{"line":351,"column":4},"end":{"line":351,"column":null}},"94":{"start":{"line":357,"column":2},"end":{"line":357,"column":null}},"95":{"start":{"line":363,"column":2},"end":{"line":364,"column":null}},"96":{"start":{"line":370,"column":2},"end":{"line":416,"column":null}},"97":{"start":{"line":380,"column":4},"end":{"line":384,"column":null}},"98":{"start":{"line":390,"column":4},"end":{"line":390,"column":null}},"99":{"start":{"line":396,"column":4},"end":{"line":396,"column":null}},"100":{"start":{"line":402,"column":47},"end":{"line":402,"column":null}},"101":{"start":{"line":406,"column":4},"end":{"line":406,"column":null}},"102":{"start":{"line":412,"column":4},"end":{"line":412,"column":null}},"103":{"start":{"line":422,"column":2},"end":{"line":446,"column":null}},"104":{"start":{"line":428,"column":4},"end":{"line":430,"column":null}},"105":{"start":{"line":436,"column":4},"end":{"line":436,"column":null}},"106":{"start":{"line":442,"column":4},"end":{"line":442,"column":null}},"107":{"start":{"line":452,"column":2},"end":{"line":461,"column":null}},"108":{"start":{"line":452,"column":27},"end":{"line":452,"column":30}},"109":{"start":{"line":454,"column":23},"end":{"line":454,"column":null}},"110":{"start":{"line":457,"column":3},"end":{"line":461,"column":null}},"111":{"start":{"line":459,"column":25},"end":{"line":459,"column":null}},"112":{"start":{"line":460,"column":21},"end":{"line":460,"column":null}},"113":{"start":{"line":461,"column":4},"end":{"line":461,"column":null}},"114":{"start":{"line":471,"column":20},"end":{"line":471,"column":null}},"115":{"start":{"line":475,"column":2},"end":{"line":475,"column":null}},"116":{"start":{"line":473,"column":56},"end":{"line":473,"column":null}},"117":{"start":{"line":19,"column":0},"end":{"line":19,"column":13}}},"fnMap":{"0":{"name":"(anonymous_0)","decl":{"start":{"line":25,"column":1},"end":{"line":25,"column":23}},"loc":{"start":{"line":25,"column":23},"end":{"line":33,"column":null}}},"1":{"name":"(anonymous_1)","decl":{"start":{"line":37,"column":11},"end":{"line":37,"column":null}},"loc":{"start":{"line":37,"column":11},"end":{"line":39,"column":null}}},"2":{"name":"(anonymous_2)","decl":{"start":{"line":43,"column":11},"end":{"line":43,"column":null}},"loc":{"start":{"line":43,"column":11},"end":{"line":45,"column":null}}},"3":{"name":"(anonymous_3)","decl":{"start":{"line":49,"column":11},"end":{"line":49,"column":25}},"loc":{"start":{"line":49,"column":76},"end":{"line":60,"column":null}}},"4":{"name":"(anonymous_4)","decl":{"start":{"line":64,"column":11},"end":{"line":64,"column":29}},"loc":{"start":{"line":66,"column":8},"end":{"line":88,"column":null}}},"5":{"name":"(anonymous_5)","decl":{"start":{"line":92,"column":8},"end":{"line":92,"column":null}},"loc":{"start":{"line":92,"column":8},"end":{"line":94,"column":null}}},"6":{"name":"(anonymous_6)","decl":{"start":{"line":98,"column":8},"end":{"line":98,"column":null}},"loc":{"start":{"line":98,"column":8},"end":{"line":101,"column":null}}},"7":{"name":"(anonymous_7)","decl":{"start":{"line":105,"column":8},"end":{"line":105,"column":null}},"loc":{"start":{"line":105,"column":8},"end":{"line":107,"column":null}}},"8":{"name":"(anonymous_8)","decl":{"start":{"line":111,"column":8},"end":{"line":111,"column":null}},"loc":{"start":{"line":111,"column":8},"end":{"line":114,"column":null}}},"9":{"name":"(anonymous_9)","decl":{"start":{"line":118,"column":8},"end":{"line":118,"column":20}},"loc":{"start":{"line":118,"column":20},"end":{"line":127,"column":null}}},"10":{"name":"(anonymous_10)","decl":{"start":{"line":134,"column":8},"end":{"line":134,"column":20}},"loc":{"start":{"line":134,"column":20},"end":{"line":137,"column":null}}},"11":{"name":"(anonymous_11)","decl":{"start":{"line":141,"column":8},"end":{"line":141,"column":24}},"loc":{"start":{"line":141,"column":24},"end":{"line":150,"column":null}}},"12":{"name":"(anonymous_12)","decl":{"start":{"line":157,"column":8},"end":{"line":157,"column":24}},"loc":{"start":{"line":157,"column":24},"end":{"line":160,"column":null}}},"13":{"name":"(anonymous_13)","decl":{"start":{"line":164,"column":8},"end":{"line":164,"column":20}},"loc":{"start":{"line":164,"column":32},"end":{"line":175,"column":null}}},"14":{"name":"(anonymous_14)","decl":{"start":{"line":179,"column":8},"end":{"line":179,"column":24}},"loc":{"start":{"line":179,"column":55},"end":{"line":190,"column":null}}},"15":{"name":"(anonymous_15)","decl":{"start":{"line":194,"column":8},"end":{"line":194,"column":21}},"loc":{"start":{"line":194,"column":33},"end":{"line":205,"column":null}}},"16":{"name":"(anonymous_16)","decl":{"start":{"line":209,"column":8},"end":{"line":209,"column":25}},"loc":{"start":{"line":209,"column":56},"end":{"line":220,"column":null}}},"17":{"name":"(anonymous_17)","decl":{"start":{"line":224,"column":8},"end":{"line":224,"column":20}},"loc":{"start":{"line":224,"column":20},"end":{"line":226,"column":null}}},"18":{"name":"(anonymous_18)","decl":{"start":{"line":230,"column":8},"end":{"line":230,"column":24}},"loc":{"start":{"line":230,"column":24},"end":{"line":232,"column":null}}},"19":{"name":"(anonymous_19)","decl":{"start":{"line":236,"column":8},"end":{"line":236,"column":19}},"loc":{"start":{"line":236,"column":19},"end":{"line":238,"column":null}}},"20":{"name":"(anonymous_20)","decl":{"start":{"line":242,"column":8},"end":{"line":242,"column":23}},"loc":{"start":{"line":242,"column":23},"end":{"line":244,"column":null}}},"21":{"name":"(anonymous_21)","decl":{"start":{"line":248,"column":8},"end":{"line":248,"column":null}},"loc":{"start":{"line":248,"column":8},"end":{"line":250,"column":null}}},"22":{"name":"(anonymous_22)","decl":{"start":{"line":254,"column":8},"end":{"line":254,"column":null}},"loc":{"start":{"line":254,"column":8},"end":{"line":257,"column":null}}},"23":{"name":"(anonymous_23)","decl":{"start":{"line":261,"column":8},"end":{"line":261,"column":null}},"loc":{"start":{"line":261,"column":8},"end":{"line":263,"column":null}}},"24":{"name":"(anonymous_24)","decl":{"start":{"line":267,"column":8},"end":{"line":267,"column":null}},"loc":{"start":{"line":267,"column":8},"end":{"line":270,"column":null}}},"25":{"name":"(anonymous_25)","decl":{"start":{"line":274,"column":8},"end":{"line":274,"column":19}},"loc":{"start":{"line":274,"column":19},"end":{"line":288,"column":null}}},"26":{"name":"(anonymous_26)","decl":{"start":{"line":292,"column":8},"end":{"line":292,"column":12}},"loc":{"start":{"line":292,"column":12},"end":{"line":294,"column":null}}},"27":{"name":"(anonymous_27)","decl":{"start":{"line":298,"column":8},"end":{"line":298,"column":12}},"loc":{"start":{"line":298,"column":12},"end":{"line":316,"column":null}}},"28":{"name":"(anonymous_28)","decl":{"start":{"line":320,"column":8},"end":{"line":320,"column":null}},"loc":{"start":{"line":320,"column":8},"end":{"line":326,"column":null}}},"29":{"name":"(anonymous_29)","decl":{"start":{"line":324,"column":39},"end":{"line":324,"column":45}},"loc":{"start":{"line":324,"column":45},"end":{"line":324,"column":null}}},"30":{"name":"(anonymous_30)","decl":{"start":{"line":330,"column":8},"end":{"line":330,"column":17}},"loc":{"start":{"line":330,"column":17},"end":{"line":334,"column":null}}},"31":{"name":"(anonymous_31)","decl":{"start":{"line":338,"column":8},"end":{"line":338,"column":null}},"loc":{"start":{"line":338,"column":8},"end":{"line":340,"column":null}}},"32":{"name":"(anonymous_32)","decl":{"start":{"line":344,"column":8},"end":{"line":344,"column":15}},"loc":{"start":{"line":344,"column":15},"end":{"line":357,"column":null}}},"33":{"name":"(anonymous_33)","decl":{"start":{"line":361,"column":8},"end":{"line":361,"column":null}},"loc":{"start":{"line":361,"column":8},"end":{"line":364,"column":null}}},"34":{"name":"(anonymous_34)","decl":{"start":{"line":368,"column":8},"end":{"line":368,"column":null}},"loc":{"start":{"line":368,"column":8},"end":{"line":416,"column":null}}},"35":{"name":"(anonymous_35)","decl":{"start":{"line":378,"column":3},"end":{"line":378,"column":22}},"loc":{"start":{"line":378,"column":57},"end":{"line":384,"column":null}}},"36":{"name":"(anonymous_36)","decl":{"start":{"line":388,"column":10},"end":{"line":388,"column":null}},"loc":{"start":{"line":388,"column":10},"end":{"line":390,"column":null}}},"37":{"name":"(anonymous_37)","decl":{"start":{"line":394,"column":10},"end":{"line":394,"column":null}},"loc":{"start":{"line":394,"column":10},"end":{"line":396,"column":null}}},"38":{"name":"(anonymous_38)","decl":{"start":{"line":400,"column":10},"end":{"line":400,"column":null}},"loc":{"start":{"line":400,"column":10},"end":{"line":406,"column":null}}},"39":{"name":"(anonymous_39)","decl":{"start":{"line":410,"column":10},"end":{"line":410,"column":null}},"loc":{"start":{"line":410,"column":10},"end":{"line":412,"column":null}}},"40":{"name":"(anonymous_40)","decl":{"start":{"line":420,"column":8},"end":{"line":420,"column":null}},"loc":{"start":{"line":420,"column":8},"end":{"line":446,"column":null}}},"41":{"name":"(anonymous_41)","decl":{"start":{"line":426,"column":3},"end":{"line":426,"column":22}},"loc":{"start":{"line":426,"column":22},"end":{"line":430,"column":null}}},"42":{"name":"(anonymous_42)","decl":{"start":{"line":434,"column":10},"end":{"line":434,"column":null}},"loc":{"start":{"line":434,"column":10},"end":{"line":436,"column":null}}},"43":{"name":"(anonymous_43)","decl":{"start":{"line":440,"column":10},"end":{"line":440,"column":null}},"loc":{"start":{"line":440,"column":10},"end":{"line":442,"column":null}}},"44":{"name":"(anonymous_44)","decl":{"start":{"line":450,"column":8},"end":{"line":450,"column":16}},"loc":{"start":{"line":450,"column":37},"end":{"line":461,"column":null}}},"45":{"name":"(anonymous_45)","decl":{"start":{"line":469,"column":8},"end":{"line":469,"column":null}},"loc":{"start":{"line":469,"column":8},"end":{"line":475,"column":null}}},"46":{"name":"(anonymous_46)","decl":{"start":{"line":473,"column":36},"end":{"line":473,"column":56}},"loc":{"start":{"line":473,"column":56},"end":{"line":473,"column":null}}}},"branchMap":{"0":{"loc":{"start":{"line":52,"column":2},"end":{"line":58,"column":null}},"type":"if","locations":[{"start":{"line":52,"column":2},"end":{"line":58,"column":null}},{"start":{"line":52,"column":2},"end":{"line":58,"column":null}}]},"1":{"loc":{"start":{"line":52,"column":7},"end":{"line":52,"column":52}},"type":"binary-expr","locations":[{"start":{"line":52,"column":7},"end":{"line":52,"column":52}},{"start":{"line":52,"column":52},"end":{"line":52,"column":98}}]},"2":{"loc":{"start":{"line":69,"column":2},"end":{"line":84,"column":null}},"type":"if","locations":[{"start":{"line":69,"column":2},"end":{"line":84,"column":null}},{"start":{"line":69,"column":2},"end":{"line":84,"column":null}}]},"3":{"loc":{"start":{"line":69,"column":7},"end":{"line":69,"column":52}},"type":"binary-expr","locations":[{"start":{"line":69,"column":7},"end":{"line":69,"column":52}},{"start":{"line":69,"column":52},"end":{"line":69,"column":98}}]},"4":{"loc":{"start":{"line":71,"column":3},"end":{"line":73,"column":null}},"type":"if","locations":[{"start":{"line":71,"column":3},"end":{"line":73,"column":null}},{"start":{"line":71,"column":3},"end":{"line":73,"column":null}}]},"5":{"loc":{"start":{"line":71,"column":7},"end":{"line":71,"column":33}},"type":"binary-expr","locations":[{"start":{"line":71,"column":7},"end":{"line":71,"column":33}},{"start":{"line":71,"column":33},"end":{"line":71,"column":null}}]},"6":{"loc":{"start":{"line":100,"column":2},"end":{"line":100,"column":null}},"type":"if","locations":[{"start":{"line":100,"column":2},"end":{"line":100,"column":null}},{"start":{"line":100,"column":2},"end":{"line":100,"column":null}}]},"7":{"loc":{"start":{"line":113,"column":2},"end":{"line":113,"column":null}},"type":"if","locations":[{"start":{"line":113,"column":2},"end":{"line":113,"column":null}},{"start":{"line":113,"column":2},"end":{"line":113,"column":null}}]},"8":{"loc":{"start":{"line":120,"column":2},"end":{"line":123,"column":null}},"type":"if","locations":[{"start":{"line":120,"column":2},"end":{"line":123,"column":null}},{"start":{"line":120,"column":2},"end":{"line":123,"column":null}}]},"9":{"loc":{"start":{"line":122,"column":3},"end":{"line":122,"column":null}},"type":"binary-expr","locations":[{"start":{"line":122,"column":3},"end":{"line":122,"column":null}},{"start":{"line":123,"column":17},"end":{"line":123,"column":50}},{"start":{"line":123,"column":50},"end":{"line":123,"column":null}}]},"10":{"loc":{"start":{"line":136,"column":2},"end":{"line":136,"column":null}},"type":"if","locations":[{"start":{"line":136,"column":2},"end":{"line":136,"column":null}},{"start":{"line":136,"column":2},"end":{"line":136,"column":null}}]},"11":{"loc":{"start":{"line":143,"column":2},"end":{"line":146,"column":null}},"type":"if","locations":[{"start":{"line":143,"column":2},"end":{"line":146,"column":null}},{"start":{"line":143,"column":2},"end":{"line":146,"column":null}}]},"12":{"loc":{"start":{"line":145,"column":3},"end":{"line":145,"column":null}},"type":"binary-expr","locations":[{"start":{"line":145,"column":3},"end":{"line":145,"column":null}},{"start":{"line":146,"column":17},"end":{"line":146,"column":51}},{"start":{"line":146,"column":51},"end":{"line":146,"column":null}}]},"13":{"loc":{"start":{"line":159,"column":2},"end":{"line":159,"column":null}},"type":"if","locations":[{"start":{"line":159,"column":2},"end":{"line":159,"column":null}},{"start":{"line":159,"column":2},"end":{"line":159,"column":null}}]},"14":{"loc":{"start":{"line":166,"column":2},"end":{"line":168,"column":null}},"type":"if","locations":[{"start":{"line":166,"column":2},"end":{"line":168,"column":null}},{"start":{"line":166,"column":2},"end":{"line":168,"column":null}}]},"15":{"loc":{"start":{"line":171,"column":9},"end":{"line":173,"column":null}},"type":"if","locations":[{"start":{"line":171,"column":9},"end":{"line":173,"column":null}},{"start":{"line":171,"column":9},"end":{"line":173,"column":null}}]},"16":{"loc":{"start":{"line":181,"column":2},"end":{"line":183,"column":null}},"type":"if","locations":[{"start":{"line":181,"column":2},"end":{"line":183,"column":null}},{"start":{"line":181,"column":2},"end":{"line":183,"column":null}}]},"17":{"loc":{"start":{"line":186,"column":9},"end":{"line":188,"column":null}},"type":"if","locations":[{"start":{"line":186,"column":9},"end":{"line":188,"column":null}},{"start":{"line":186,"column":9},"end":{"line":188,"column":null}}]},"18":{"loc":{"start":{"line":196,"column":2},"end":{"line":198,"column":null}},"type":"if","locations":[{"start":{"line":196,"column":2},"end":{"line":198,"column":null}},{"start":{"line":196,"column":2},"end":{"line":198,"column":null}}]},"19":{"loc":{"start":{"line":201,"column":9},"end":{"line":203,"column":null}},"type":"if","locations":[{"start":{"line":201,"column":9},"end":{"line":203,"column":null}},{"start":{"line":201,"column":9},"end":{"line":203,"column":null}}]},"20":{"loc":{"start":{"line":211,"column":2},"end":{"line":213,"column":null}},"type":"if","locations":[{"start":{"line":211,"column":2},"end":{"line":213,"column":null}},{"start":{"line":211,"column":2},"end":{"line":213,"column":null}}]},"21":{"loc":{"start":{"line":216,"column":9},"end":{"line":218,"column":null}},"type":"if","locations":[{"start":{"line":216,"column":9},"end":{"line":218,"column":null}},{"start":{"line":216,"column":9},"end":{"line":218,"column":null}}]},"22":{"loc":{"start":{"line":256,"column":2},"end":{"line":256,"column":null}},"type":"if","locations":[{"start":{"line":256,"column":2},"end":{"line":256,"column":null}},{"start":{"line":256,"column":2},"end":{"line":256,"column":null}}]},"23":{"loc":{"start":{"line":269,"column":2},"end":{"line":269,"column":null}},"type":"if","locations":[{"start":{"line":269,"column":2},"end":{"line":269,"column":null}},{"start":{"line":269,"column":2},"end":{"line":269,"column":null}}]},"24":{"loc":{"start":{"line":276,"column":2},"end":{"line":286,"column":null}},"type":"if","locations":[{"start":{"line":276,"column":2},"end":{"line":286,"column":null}},{"start":{"line":276,"column":2},"end":{"line":286,"column":null}}]},"25":{"loc":{"start":{"line":300,"column":2},"end":{"line":302,"column":null}},"type":"if","locations":[{"start":{"line":300,"column":2},"end":{"line":302,"column":null}},{"start":{"line":300,"column":2},"end":{"line":302,"column":null}}]},"26":{"loc":{"start":{"line":310,"column":3},"end":{"line":311,"column":null}},"type":"if","locations":[{"start":{"line":310,"column":3},"end":{"line":311,"column":null}},{"start":{"line":310,"column":3},"end":{"line":311,"column":null}}]},"27":{"loc":{"start":{"line":315,"column":2},"end":{"line":315,"column":null}},"type":"if","locations":[{"start":{"line":315,"column":2},"end":{"line":315,"column":null}},{"start":{"line":315,"column":2},"end":{"line":315,"column":null}}]},"28":{"loc":{"start":{"line":332,"column":39},"end":{"line":332,"column":null}},"type":"if","locations":[{"start":{"line":332,"column":39},"end":{"line":332,"column":null}},{"start":{"line":332,"column":39},"end":{"line":332,"column":null}}]},"29":{"loc":{"start":{"line":348,"column":3},"end":{"line":351,"column":null}},"type":"if","locations":[{"start":{"line":348,"column":3},"end":{"line":351,"column":null}},{"start":{"line":348,"column":3},"end":{"line":351,"column":null}}]},"30":{"loc":{"start":{"line":450,"column":37},"end":{"line":450,"column":null}},"type":"default-arg","locations":[{"start":{"line":450,"column":37},"end":{"line":450,"column":null}}]}},"s":{"0":2,"1":1,"2":1,"3":38,"4":497,"5":349,"6":183,"7":183,"8":183,"9":0,"10":0,"11":0,"12":0,"13":0,"14":0,"15":1,"16":4,"17":0,"18":4,"19":1,"20":81,"21":0,"22":81,"23":77,"24":77,"25":0,"26":0,"27":0,"28":0,"29":0,"30":0,"31":0,"32":0,"33":0,"34":0,"35":0,"36":0,"37":0,"38":0,"39":0,"40":0,"41":0,"42":0,"43":0,"44":0,"45":183,"46":0,"47":183,"48":0,"49":183,"50":0,"51":0,"52":0,"53":0,"54":0,"55":0,"56":0,"57":183,"58":0,"59":0,"60":0,"61":0,"62":0,"63":0,"64":0,"65":0,"66":0,"67":0,"68":0,"69":0,"70":0,"71":183,"72":7,"73":1,"74":6,"75":6,"76":6,"77":15,"78":0,"79":15,"80":6,"81":5,"82":1,"83":1,"84":1,"85":5,"86":6,"87":20,"88":5,"89":0,"90":162,"91":0,"92":0,"93":0,"94":0,"95":0,"96":14,"97":14,"98":75,"99":51,"100":0,"101":0,"102":0,"103":13,"104":13,"105":69,"106":46,"107":0,"108":0,"109":0,"110":0,"111":0,"112":0,"113":0,"114":1,"115":1,"116":5,"117":1},"f":{"0":38,"1":497,"2":349,"3":183,"4":0,"5":1,"6":4,"7":1,"8":81,"9":77,"10":0,"11":0,"12":0,"13":0,"14":0,"15":183,"16":0,"17":0,"18":0,"19":183,"20":0,"21":0,"22":0,"23":0,"24":0,"25":0,"26":183,"27":7,"28":1,"29":5,"30":6,"31":162,"32":0,"33":0,"34":14,"35":14,"36":75,"37":51,"38":0,"39":0,"40":13,"41":13,"42":69,"43":46,"44":0,"45":1,"46":5},"b":{"0":[183,0],"1":[183,183],"2":[0,0],"3":[0,0],"4":[0,0],"5":[0,0],"6":[0,4],"7":[0,81],"8":[77,0],"9":[77,77,71],"10":[0,0],"11":[0,0],"12":[0,0,0],"13":[0,0],"14":[0,0],"15":[0,0],"16":[0,0],"17":[0,0],"18":[0,183],"19":[0,183],"20":[0,0],"21":[0,0],"22":[0,0],"23":[0,0],"24":[0,0],"25":[1,6],"26":[0,15],"27":[5,1],"28":[5,15],"29":[0,0],"30":[0]}}
}
