TN:
SF:/home/trevor/dev/projects/orgs/jsdsl/doubly-linked-list/ts/doubly-linked-list-node.ts
FN:49,(anonymous_0)
FN:64,(anonymous_1)
FN:83,(anonymous_2)
FN:94,(anonymous_3)
FN:106,(anonymous_4)
FN:120,(anonymous_5)
FN:133,(anonymous_6)
FN:145,(anonymous_7)
FN:158,(anonymous_8)
FNF:9
FNH:9
FNDA:259,(anonymous_0)
FNDA:48,(anonymous_1)
FNDA:258,(anonymous_2)
FNDA:444,(anonymous_3)
FNDA:443,(anonymous_4)
FNDA:183,(anonymous_5)
FNDA:390,(anonymous_6)
FNDA:390,(anonymous_7)
FNDA:221,(anonymous_8)
DA:16,2
DA:52,259
DA:66,48
DA:69,1
DA:71,1
DA:85,258
DA:96,444
DA:108,443
DA:122,183
DA:124,183
DA:135,390
DA:147,390
DA:160,221
DA:162,221
LF:14
LH:14
BRDA:66,0,0,47
BRDA:66,0,1,1
BRDA:69,1,0,1
BRDA:69,1,1,0
BRDA:109,2,0,443
BRDA:109,2,1,0
BRDA:148,3,0,390
BRDA:148,3,1,0
BRF:8
BRH:5
end_of_record
TN:
SF:/home/trevor/dev/projects/orgs/jsdsl/doubly-linked-list/ts/doubly-linked-list.ts
FN:42,(anonymous_0)
FN:59,(anonymous_1)
FN:70,(anonymous_2)
FN:88,(anonymous_3)
FN:115,(anonymous_4)
FN:148,(anonymous_5)
FN:160,(anonymous_6)
FN:171,(anonymous_7)
FN:183,(anonymous_8)
FN:198,(anonymous_9)
FN:223,(anonymous_10)
FN:238,(anonymous_11)
FN:260,(anonymous_12)
FN:274,(anonymous_13)
FN:296,(anonymous_14)
FN:318,(anonymous_15)
FN:340,(anonymous_16)
FN:361,(anonymous_17)
FN:373,(anonymous_18)
FN:385,(anonymous_19)
FN:397,(anonymous_20)
FN:408,(anonymous_21)
FN:420,(anonymous_22)
FN:432,(anonymous_23)
FN:444,(anonymous_24)
FN:457,(anonymous_25)
FN:496,(anonymous_26)
FN:508,(anonymous_27)
FN:535,(anonymous_28)
FN:539,(anonymous_29)
FN:551,(anonymous_30)
FN:564,(anonymous_31)
FN:576,(anonymous_32)
FN:598,(anonymous_33)
FN:610,(anonymous_34)
FN:620,(anonymous_35)
FN:630,(anonymous_36)
FN:636,(anonymous_37)
FN:642,(anonymous_38)
FN:652,(anonymous_39)
FN:667,(anonymous_40)
FN:673,(anonymous_41)
FN:681,(anonymous_42)
FN:687,(anonymous_43)
FN:703,(anonymous_44)
FN:727,(anonymous_45)
FN:731,(anonymous_46)
FNF:47
FNH:27
FNDA:38,(anonymous_0)
FNDA:484,(anonymous_1)
FNDA:339,(anonymous_2)
FNDA:183,(anonymous_3)
FNDA:0,(anonymous_4)
FNDA:1,(anonymous_5)
FNDA:2,(anonymous_6)
FNDA:1,(anonymous_7)
FNDA:77,(anonymous_8)
FNDA:75,(anonymous_9)
FNDA:0,(anonymous_10)
FNDA:0,(anonymous_11)
FNDA:0,(anonymous_12)
FNDA:0,(anonymous_13)
FNDA:0,(anonymous_14)
FNDA:183,(anonymous_15)
FNDA:0,(anonymous_16)
FNDA:0,(anonymous_17)
FNDA:0,(anonymous_18)
FNDA:183,(anonymous_19)
FNDA:0,(anonymous_20)
FNDA:0,(anonymous_21)
FNDA:0,(anonymous_22)
FNDA:0,(anonymous_23)
FNDA:0,(anonymous_24)
FNDA:0,(anonymous_25)
FNDA:183,(anonymous_26)
FNDA:7,(anonymous_27)
FNDA:1,(anonymous_28)
FNDA:5,(anonymous_29)
FNDA:6,(anonymous_30)
FNDA:154,(anonymous_31)
FNDA:0,(anonymous_32)
FNDA:0,(anonymous_33)
FNDA:14,(anonymous_34)
FNDA:14,(anonymous_35)
FNDA:75,(anonymous_36)
FNDA:51,(anonymous_37)
FNDA:0,(anonymous_38)
FNDA:0,(anonymous_39)
FNDA:13,(anonymous_40)
FNDA:13,(anonymous_41)
FNDA:69,(anonymous_42)
FNDA:46,(anonymous_43)
FNDA:0,(anonymous_44)
FNDA:1,(anonymous_45)
FNDA:5,(anonymous_46)
DA:7,2
DA:8,1
DA:9,1
DA:19,1
DA:44,38
DA:61,484
DA:72,339
DA:91,183
DA:93,183
DA:97,183
DA:99,0
DA:120,0
DA:122,0
DA:124,0
DA:135,0
DA:139,0
DA:150,1
DA:162,2
DA:173,1
DA:185,77
DA:200,75
DA:202,75
DA:207,0
DA:225,0
DA:240,0
DA:242,0
DA:247,0
DA:262,0
DA:276,0
DA:278,0
DA:281,0
DA:283,0
DA:285,0
DA:298,0
DA:300,0
DA:303,0
DA:305,0
DA:307,0
DA:320,183
DA:322,0
DA:325,183
DA:327,0
DA:329,183
DA:342,0
DA:344,0
DA:347,0
DA:349,0
DA:351,0
DA:363,0
DA:375,0
DA:387,183
DA:399,0
DA:410,0
DA:422,0
DA:434,0
DA:446,0
DA:459,0
DA:461,0
DA:464,0
DA:466,0
DA:469,0
DA:471,0
DA:476,0
DA:484,0
DA:498,183
DA:510,7
DA:512,1
DA:516,6
DA:518,6
DA:520,15
DA:521,0
DA:525,6
DA:526,1
DA:537,1
DA:539,5
DA:541,1
DA:553,20
DA:555,0
DA:566,154
DA:578,0
DA:580,0
DA:583,0
DA:589,0
DA:600,0
DA:612,14
DA:622,14
DA:632,75
DA:638,51
DA:644,0
DA:648,0
DA:654,0
DA:669,13
DA:675,13
DA:683,69
DA:689,46
DA:705,0
DA:707,0
DA:710,0
DA:712,0
DA:713,0
DA:714,0
DA:729,1
DA:731,5
DA:733,1
LF:104
LH:44
BRDA:91,0,0,183
BRDA:91,0,1,0
BRDA:91,1,0,183
BRDA:91,1,1,183
BRDA:120,2,0,0
BRDA:120,2,1,0
BRDA:120,3,0,0
BRDA:120,3,1,0
BRDA:122,4,0,0
BRDA:122,4,1,0
BRDA:122,5,0,0
BRDA:122,5,1,0
BRDA:150,6,0,0
BRDA:150,6,1,1
BRDA:173,7,0,0
BRDA:173,7,1,1
BRDA:185,8,0,0
BRDA:185,8,1,77
BRDA:200,9,0,75
BRDA:200,9,1,0
BRDA:202,10,0,75
BRDA:202,10,1,75
BRDA:202,10,2,70
BRDA:226,11,0,0
BRDA:226,11,1,0
BRDA:240,12,0,0
BRDA:240,12,1,0
BRDA:242,13,0,0
BRDA:242,13,1,0
BRDA:242,13,2,0
BRDA:263,14,0,0
BRDA:263,14,1,0
BRDA:276,15,0,0
BRDA:276,15,1,0
BRDA:281,16,0,0
BRDA:281,16,1,0
BRDA:298,17,0,0
BRDA:298,17,1,0
BRDA:303,18,0,0
BRDA:303,18,1,0
BRDA:320,19,0,0
BRDA:320,19,1,183
BRDA:325,20,0,0
BRDA:325,20,1,183
BRDA:342,21,0,0
BRDA:342,21,1,0
BRDA:347,22,0,0
BRDA:347,22,1,0
BRDA:410,23,0,0
BRDA:410,23,1,0
BRDA:422,24,0,0
BRDA:422,24,1,0
BRDA:434,25,0,0
BRDA:434,25,1,0
BRDA:446,26,0,0
BRDA:446,26,1,0
BRDA:459,27,0,0
BRDA:459,27,1,0
BRDA:464,28,0,0
BRDA:464,28,1,0
BRDA:469,29,0,0
BRDA:469,29,1,0
BRDA:510,30,0,1
BRDA:510,30,1,6
BRDA:520,31,0,0
BRDA:520,31,1,15
BRDA:525,32,0,5
BRDA:525,32,1,1
BRDA:553,33,0,5
BRDA:553,33,1,15
BRDA:580,34,0,0
BRDA:580,34,1,0
BRDA:703,35,0,0
BRF:73
BRH:19
end_of_record
