TN:
SF:/home/trevor/dev/projects/orgs/jsdsl/doubly-linked-list/ts/doubly-linked-list-node.ts
FN:26,(anonymous_0)
FN:35,(anonymous_1)
FN:48,(anonymous_2)
FN:54,(anonymous_3)
FN:60,(anonymous_4)
FN:72,(anonymous_5)
FN:80,(anonymous_6)
FN:86,(anonymous_7)
FN:98,(anonymous_8)
FNF:9
FNH:9
FNDA:259,(anonymous_0)
FNDA:50,(anonymous_1)
FNDA:260,(anonymous_2)
FNDA:448,(anonymous_3)
FNDA:447,(anonymous_4)
FNDA:183,(anonymous_5)
FNDA:400,(anonymous_6)
FNDA:400,(anonymous_7)
FNDA:221,(anonymous_8)
DA:16,2
DA:28,259
DA:37,50
DA:40,1
DA:42,1
DA:50,260
DA:56,448
DA:62,447
DA:65,0
DA:74,183
DA:76,183
DA:82,400
DA:88,400
DA:91,0
DA:100,221
DA:102,221
LF:16
LH:14
BRDA:37,0,0,49
BRDA:37,0,1,1
BRDA:40,1,0,1
BRDA:40,1,1,0
BRDA:62,2,0,447
BRDA:62,2,1,0
BRDA:88,3,0,400
BRDA:88,3,1,0
BRF:8
BRH:5
end_of_record
TN:
SF:/home/trevor/dev/projects/orgs/jsdsl/doubly-linked-list/ts/doubly-linked-list.ts
FN:25,(anonymous_0)
FN:37,(anonymous_1)
FN:43,(anonymous_2)
FN:49,(anonymous_3)
FN:64,(anonymous_4)
FN:92,(anonymous_5)
FN:98,(anonymous_6)
FN:105,(anonymous_7)
FN:111,(anonymous_8)
FN:118,(anonymous_9)
FN:134,(anonymous_10)
FN:141,(anonymous_11)
FN:157,(anonymous_12)
FN:164,(anonymous_13)
FN:179,(anonymous_14)
FN:194,(anonymous_15)
FN:209,(anonymous_16)
FN:224,(anonymous_17)
FN:230,(anonymous_18)
FN:236,(anonymous_19)
FN:242,(anonymous_20)
FN:248,(anonymous_21)
FN:254,(anonymous_22)
FN:261,(anonymous_23)
FN:267,(anonymous_24)
FN:274,(anonymous_25)
FN:292,(anonymous_26)
FN:298,(anonymous_27)
FN:320,(anonymous_28)
FN:324,(anonymous_29)
FN:330,(anonymous_30)
FN:338,(anonymous_31)
FN:344,(anonymous_32)
FN:361,(anonymous_33)
FN:368,(anonymous_34)
FN:378,(anonymous_35)
FN:388,(anonymous_36)
FN:394,(anonymous_37)
FN:400,(anonymous_38)
FN:410,(anonymous_39)
FN:420,(anonymous_40)
FN:426,(anonymous_41)
FN:434,(anonymous_42)
FN:440,(anonymous_43)
FN:450,(anonymous_44)
FN:469,(anonymous_45)
FN:473,(anonymous_46)
FNF:47
FNH:27
FNDA:38,(anonymous_0)
FNDA:497,(anonymous_1)
FNDA:349,(anonymous_2)
FNDA:183,(anonymous_3)
FNDA:0,(anonymous_4)
FNDA:1,(anonymous_5)
FNDA:4,(anonymous_6)
FNDA:1,(anonymous_7)
FNDA:81,(anonymous_8)
FNDA:77,(anonymous_9)
FNDA:0,(anonymous_10)
FNDA:0,(anonymous_11)
FNDA:0,(anonymous_12)
FNDA:0,(anonymous_13)
FNDA:0,(anonymous_14)
FNDA:183,(anonymous_15)
FNDA:0,(anonymous_16)
FNDA:0,(anonymous_17)
FNDA:0,(anonymous_18)
FNDA:183,(anonymous_19)
FNDA:0,(anonymous_20)
FNDA:0,(anonymous_21)
FNDA:0,(anonymous_22)
FNDA:0,(anonymous_23)
FNDA:0,(anonymous_24)
FNDA:0,(anonymous_25)
FNDA:183,(anonymous_26)
FNDA:7,(anonymous_27)
FNDA:1,(anonymous_28)
FNDA:5,(anonymous_29)
FNDA:6,(anonymous_30)
FNDA:162,(anonymous_31)
FNDA:0,(anonymous_32)
FNDA:0,(anonymous_33)
FNDA:14,(anonymous_34)
FNDA:14,(anonymous_35)
FNDA:75,(anonymous_36)
FNDA:51,(anonymous_37)
FNDA:0,(anonymous_38)
FNDA:0,(anonymous_39)
FNDA:13,(anonymous_40)
FNDA:13,(anonymous_41)
FNDA:69,(anonymous_42)
FNDA:46,(anonymous_43)
FNDA:0,(anonymous_44)
FNDA:1,(anonymous_45)
FNDA:5,(anonymous_46)
DA:7,2
DA:8,1
DA:9,1
DA:19,1
DA:27,38
DA:39,497
DA:45,349
DA:52,183
DA:54,183
DA:58,183
DA:60,0
DA:69,0
DA:71,0
DA:73,0
DA:84,0
DA:88,0
DA:94,1
DA:100,4
DA:101,4
DA:107,1
DA:113,81
DA:114,81
DA:120,77
DA:122,77
DA:127,0
DA:136,0
DA:137,0
DA:143,0
DA:145,0
DA:150,0
DA:159,0
DA:160,0
DA:166,0
DA:168,0
DA:171,0
DA:173,0
DA:175,0
DA:181,0
DA:183,0
DA:186,0
DA:188,0
DA:190,0
DA:196,183
DA:198,0
DA:201,183
DA:203,0
DA:205,183
DA:211,0
DA:213,0
DA:216,0
DA:218,0
DA:220,0
DA:226,0
DA:232,0
DA:238,183
DA:244,0
DA:250,0
DA:256,0
DA:257,0
DA:263,0
DA:269,0
DA:270,0
DA:276,0
DA:278,0
DA:286,0
DA:288,0
DA:294,183
DA:300,7
DA:302,1
DA:306,6
DA:308,6
DA:310,15
DA:311,0
DA:315,6
DA:316,1
DA:322,1
DA:324,5
DA:326,1
DA:332,20
DA:334,0
DA:340,162
DA:346,0
DA:348,0
DA:351,0
DA:357,0
DA:363,0
DA:370,14
DA:380,14
DA:390,75
DA:396,51
DA:402,0
DA:406,0
DA:412,0
DA:422,13
DA:428,13
DA:436,69
DA:442,46
DA:452,0
DA:454,0
DA:457,0
DA:459,0
DA:460,0
DA:461,0
DA:471,1
DA:473,5
DA:475,1
LF:106
LH:46
BRDA:52,0,0,183
BRDA:52,0,1,0
BRDA:52,1,0,183
BRDA:52,1,1,183
BRDA:69,2,0,0
BRDA:69,2,1,0
BRDA:69,3,0,0
BRDA:69,3,1,0
BRDA:71,4,0,0
BRDA:71,4,1,0
BRDA:71,5,0,0
BRDA:71,5,1,0
BRDA:100,6,0,0
BRDA:100,6,1,4
BRDA:113,7,0,0
BRDA:113,7,1,81
BRDA:120,8,0,77
BRDA:120,8,1,0
BRDA:122,9,0,77
BRDA:122,9,1,77
BRDA:122,9,2,71
BRDA:136,10,0,0
BRDA:136,10,1,0
BRDA:143,11,0,0
BRDA:143,11,1,0
BRDA:145,12,0,0
BRDA:145,12,1,0
BRDA:145,12,2,0
BRDA:159,13,0,0
BRDA:159,13,1,0
BRDA:166,14,0,0
BRDA:166,14,1,0
BRDA:171,15,0,0
BRDA:171,15,1,0
BRDA:181,16,0,0
BRDA:181,16,1,0
BRDA:186,17,0,0
BRDA:186,17,1,0
BRDA:196,18,0,0
BRDA:196,18,1,183
BRDA:201,19,0,0
BRDA:201,19,1,183
BRDA:211,20,0,0
BRDA:211,20,1,0
BRDA:216,21,0,0
BRDA:216,21,1,0
BRDA:256,22,0,0
BRDA:256,22,1,0
BRDA:269,23,0,0
BRDA:269,23,1,0
BRDA:276,24,0,0
BRDA:276,24,1,0
BRDA:300,25,0,1
BRDA:300,25,1,6
BRDA:310,26,0,0
BRDA:310,26,1,15
BRDA:315,27,0,5
BRDA:315,27,1,1
BRDA:332,28,0,5
BRDA:332,28,1,15
BRDA:348,29,0,0
BRDA:348,29,1,0
BRDA:450,30,0,0
BRF:63
BRH:18
end_of_record
